#
# There is insufficient memory for the Java Runtime Environment to continue.
# Native memory allocation (malloc) failed to allocate 1672736 bytes for Chunk::new
# Possible reasons:
#   The system is out of physical RAM or swap space
#   In 32 bit mode, the process size limit was hit
# Possible solutions:
#   Reduce memory load on the system
#   Increase physical memory or swap space
#   Check if swap backing store is full
#   Use 64 bit Java on a 64 bit OS
#   Decrease Java heap size (-Xmx/-Xms)
#   Decrease number of Java threads
#   Decrease Java thread stack sizes (-Xss)
#   Set larger code cache with -XX:ReservedCodeCacheSize=
# This output file may be truncated or incomplete.
#
#  Out of Memory Error (allocation.cpp:390), pid=5244, tid=0x00000000000025fc
#
# JRE version: OpenJDK Runtime Environment (8.0_152-b01) (build 1.8.0_152-release-915-b01)
# Java VM: OpenJDK 64-Bit Server VM (25.152-b01 mixed mode windows-amd64 compressed oops)
# Failed to write core dump. Minidumps are not enabled by default on client versions of Windows
#

---------------  T H R E A D  ---------------

Current thread (0x000000001828c000):  JavaThread "C2 CompilerThread1" daemon [_thread_in_native, id=9724, stack(0x0000000019d80000,0x0000000019e80000)]

Stack: [0x0000000019d80000,0x0000000019e80000]
[error occurred during error reporting (printing stack bounds), id 0xc0000005]

Native frames: (J=compiled Java code, j=interpreted, Vv=VM code, C=native code)


Current CompileTask:
C2:  22116 4874   !   4       java.net.URLClassLoader$1::run (63 bytes)


---------------  P R O C E S S  ---------------

Java Threads: ( => current thread )
  0x000000001af87000 JavaThread "Memory manager" [_thread_blocked, id=14224, stack(0x0000000023b70000,0x0000000023c70000)]
  0x000000001f64c800 JavaThread "pool-1-thread-1" [_thread_blocked, id=14496, stack(0x0000000023870000,0x0000000023970000)]
  0x000000001f64b800 JavaThread "build operations Thread 4" [_thread_blocked, id=4936, stack(0x0000000023370000,0x0000000023470000)]
  0x000000001f64b000 JavaThread "build operations Thread 3" [_thread_blocked, id=12020, stack(0x0000000023270000,0x0000000023370000)]
  0x000000001f64d000 JavaThread "build operations Thread 2" [_thread_blocked, id=3120, stack(0x0000000022d00000,0x0000000022e00000)]
  0x000000001f649800 JavaThread "build operations" [_thread_blocked, id=3656, stack(0x0000000022c00000,0x0000000022d00000)]
  0x000000001f64e000 JavaThread "Cache worker for Artifact transforms cache (C:\Users\Kevin\.gradle\caches\transforms-1)" [_thread_blocked, id=9044, stack(0x0000000020a80000,0x0000000020b80000)]
  0x000000001b208800 JavaThread "Cache worker for file hash cache (C:\Users\Kevin\AndroidStudioProjects\ColorPicker\.gradle\4.1\fileHashes)" [_thread_blocked, id=6200, stack(0x000000001dda0000,0x000000001dea0000)]
  0x000000001ae09000 JavaThread "File lock request listener" [_thread_in_native, id=11340, stack(0x000000001daa0000,0x000000001dba0000)]
  0x000000001ae76800 JavaThread "Cache worker for file hash cache (C:\Users\Kevin\.gradle\caches\4.1\fileHashes)" [_thread_blocked, id=2552, stack(0x000000001d9a0000,0x000000001daa0000)]
  0x000000001ae8b800 JavaThread "Stdin handler" [_thread_blocked, id=15708, stack(0x000000001c8d0000,0x000000001c9d0000)]
  0x000000001ae8b000 JavaThread "Asynchronous log dispatcher for DefaultDaemonConnection: socket connection from /127.0.0.1:58683 to /127.0.0.1:58684" [_thread_blocked, id=2092, stack(0x000000001c7d0000,0x000000001c8d0000)]
  0x000000001ae6d000 JavaThread "Daemon worker" [_thread_in_vm, id=15564, stack(0x000000001c6d0000,0x000000001c7d0000)]
  0x000000001ae0d800 JavaThread "Cancel handler" [_thread_blocked, id=14528, stack(0x000000001c5d0000,0x000000001c6d0000)]
  0x000000001adb7800 JavaThread "Handler for socket connection from /127.0.0.1:58683 to /127.0.0.1:58684" [_thread_in_native, id=13692, stack(0x000000001c2d0000,0x000000001c3d0000)]
  0x000000001adac000 JavaThread "Daemon" [_thread_blocked, id=16224, stack(0x000000001c1d0000,0x000000001c2d0000)]
  0x000000001a34f800 JavaThread "Daemon periodic checks" [_thread_blocked, id=13852, stack(0x000000001c0d0000,0x000000001c1d0000)]
  0x000000001a34e800 JavaThread "Incoming local TCP Connector on port 58683" [_thread_in_native, id=7840, stack(0x000000001be90000,0x000000001bf90000)]
  0x0000000019987000 JavaThread "Service Thread" daemon [_thread_blocked, id=16300, stack(0x0000000019f80000,0x000000001a080000)]
  0x000000001828d800 JavaThread "C1 CompilerThread2" daemon [_thread_blocked, id=15304, stack(0x0000000019e80000,0x0000000019f80000)]
=>0x000000001828c000 JavaThread "C2 CompilerThread1" daemon [_thread_in_native, id=9724, stack(0x0000000019d80000,0x0000000019e80000)]
  0x000000001822d800 JavaThread "C2 CompilerThread0" daemon [_thread_in_native, id=12240, stack(0x0000000019880000,0x0000000019980000)]
  0x000000001822c800 JavaThread "Attach Listener" daemon [_thread_blocked, id=240, stack(0x0000000019780000,0x0000000019880000)]
  0x000000001822b000 JavaThread "Signal Dispatcher" daemon [_thread_blocked, id=5112, stack(0x0000000019680000,0x0000000019780000)]
  0x00000000047d7000 JavaThread "Finalizer" daemon [_thread_blocked, id=3960, stack(0x0000000019490000,0x0000000019590000)]
  0x00000000047d1800 JavaThread "Reference Handler" daemon [_thread_blocked, id=9292, stack(0x0000000019390000,0x0000000019490000)]
  0x000000000486e000 JavaThread "main" [_thread_blocked, id=13360, stack(0x0000000002e10000,0x0000000002f10000)]

Other Threads:
  0x00000000181f5000 VMThread [stack: 0x0000000019290000,0x0000000019390000] [id=4588]
  0x0000000019988000 WatcherThread [stack: 0x000000001a080000,0x000000001a180000] [id=2372]

VM state:not at safepoint (normal execution)

VM Mutex/Monitor currently owned by a thread: None

Heap:
 PSYoungGen      total 98304K, used 66701K [0x00000000e0000000, 0x00000000e7480000, 0x0000000100000000)
  eden space 91648K, 65% used [0x00000000e0000000,0x00000000e3af22f8,0x00000000e5980000)
  from space 6656K, 95% used [0x00000000e6e00000,0x00000000e7431198,0x00000000e7480000)
  to   space 7168K, 0% used [0x00000000e6680000,0x00000000e6680000,0x00000000e6d80000)
 ParOldGen       total 49664K, used 16593K [0x00000000a0000000, 0x00000000a3080000, 0x00000000e0000000)
  object space 49664K, 33% used [0x00000000a0000000,0x00000000a1034708,0x00000000a3080000)
 Metaspace       used 43814K, capacity 44898K, committed 45144K, reserved 1087488K
  class space    used 5865K, capacity 6227K, committed 6272K, reserved 1048576K

Card table byte_map: [0x0000000013c80000,0x0000000013f90000] byte_map_base: 0x0000000013780000

Marking Bits: (ParMarkBitMap*) 0x000000006f763950
 Begin Bits: [0x0000000014590000, 0x0000000015d90000)
 End Bits:   [0x0000000015d90000, 0x0000000017590000)

Polling page: 0x0000000002f10000

CodeCache: size=245760Kb used=15634Kb max_used=15890Kb free=230125Kb
 bounds [0x00000000048c0000, 0x0000000005860000, 0x00000000138c0000]
 total_blobs=5224 nmethods=4493 adapters=644
 compilation: enabled

Compilation events (10 events):
Event: 22.046 Thread 0x000000001828d800 4922       3       com.android.repository.io.impl.FileSystemFileOp::toPath (16 bytes)
Event: 22.047 Thread 0x000000001828d800 nmethod 4922 0x00000000053d9b50 code [0x00000000053d9ce0, 0x00000000053da078]
Event: 22.047 Thread 0x000000001828d800 4923       3       com.android.repository.io.impl.FileOpImpl::getFileSystem (4 bytes)
Event: 22.047 Thread 0x000000001828d800 nmethod 4923 0x00000000053d9790 code [0x00000000053d9900, 0x00000000053d9ab0]
Event: 22.074 Thread 0x000000001828d800 4924   !   3       java.nio.file.Files$2::hasNext (23 bytes)
Event: 22.074 Thread 0x000000001828d800 nmethod 4924 0x00000000053d9090 code [0x00000000053d9220, 0x00000000053d95e8]
Event: 22.081 Thread 0x000000001828d800 4925       3       sun.nio.fs.WindowsFileAttributes::fromFindData (127 bytes)
Event: 22.082 Thread 0x000000001828d800 nmethod 4925 0x0000000005341610 code [0x0000000005341780, 0x0000000005341b08]
Event: 22.082 Thread 0x000000001828d800 4926   !   3       sun.nio.fs.WindowsDirectoryStream$WindowsDirectoryIterator::acceptEntry (71 bytes)
Event: 22.083 Thread 0x000000001828d800 nmethod 4926 0x00000000053d0210 code [0x00000000053d0420, 0x00000000053d0e08]

GC Heap History (10 events):
Event: 15.905 GC heap before
{Heap before GC invocations=12 (full 1):
 PSYoungGen      total 54272K, used 53212K [0x00000000e0000000, 0x00000000e3b00000, 0x0000000100000000)
  eden space 48128K, 100% used [0x00000000e0000000,0x00000000e2f00000,0x00000000e2f00000)
  from space 6144K, 82% used [0x00000000e3500000,0x00000000e39f7288,0x00000000e3b00000)
  to   space 6144K, 0% used [0x00000000e2f00000,0x00000000e2f00000,0x00000000e3500000)
 ParOldGen       total 30208K, used 8698K [0x00000000a0000000, 0x00000000a1d80000, 0x00000000e0000000)
  object space 30208K, 28% used [0x00000000a0000000,0x00000000a087e9e8,0x00000000a1d80000)
 Metaspace       used 28890K, capacity 29660K, committed 29952K, reserved 1075200K
  class space    used 4049K, capacity 4295K, committed 4352K, reserved 1048576K
Event: 15.917 GC heap after
Heap after GC invocations=12 (full 1):
 PSYoungGen      total 54272K, used 5563K [0x00000000e0000000, 0x00000000e5380000, 0x0000000100000000)
  eden space 48128K, 0% used [0x00000000e0000000,0x00000000e0000000,0x00000000e2f00000)
  from space 6144K, 90% used [0x00000000e2f00000,0x00000000e346edc0,0x00000000e3500000)
  to   space 6656K, 0% used [0x00000000e4d00000,0x00000000e4d00000,0x00000000e5380000)
 ParOldGen       total 30208K, used 11602K [0x00000000a0000000, 0x00000000a1d80000, 0x00000000e0000000)
  object space 30208K, 38% used [0x00000000a0000000,0x00000000a0b54948,0x00000000a1d80000)
 Metaspace       used 28890K, capacity 29660K, committed 29952K, reserved 1075200K
  class space    used 4049K, capacity 4295K, committed 4352K, reserved 1048576K
}
Event: 17.020 GC heap before
{Heap before GC invocations=13 (full 1):
 PSYoungGen      total 54272K, used 53691K [0x00000000e0000000, 0x00000000e5380000, 0x0000000100000000)
  eden space 48128K, 100% used [0x00000000e0000000,0x00000000e2f00000,0x00000000e2f00000)
  from space 6144K, 90% used [0x00000000e2f00000,0x00000000e346edc0,0x00000000e3500000)
  to   space 6656K, 0% used [0x00000000e4d00000,0x00000000e4d00000,0x00000000e5380000)
 ParOldGen       total 30208K, used 11602K [0x00000000a0000000, 0x00000000a1d80000, 0x00000000e0000000)
  object space 30208K, 38% used [0x00000000a0000000,0x00000000a0b54948,0x00000000a1d80000)
 Metaspace       used 31477K, capacity 32252K, committed 32512K, reserved 1077248K
  class space    used 4321K, capacity 4583K, committed 4608K, reserved 1048576K
Event: 17.031 GC heap after
Heap after GC invocations=13 (full 1):
 PSYoungGen      total 77824K, used 1991K [0x00000000e0000000, 0x00000000e5300000, 0x0000000100000000)
  eden space 71680K, 0% used [0x00000000e0000000,0x00000000e0000000,0x00000000e4600000)
  from space 6144K, 32% used [0x00000000e4d00000,0x00000000e4ef1e70,0x00000000e5300000)
  to   space 6656K, 0% used [0x00000000e4600000,0x00000000e4600000,0x00000000e4c80000)
 ParOldGen       total 30208K, used 14806K [0x00000000a0000000, 0x00000000a1d80000, 0x00000000e0000000)
  object space 30208K, 49% used [0x00000000a0000000,0x00000000a0e75968,0x00000000a1d80000)
 Metaspace       used 31477K, capacity 32252K, committed 32512K, reserved 1077248K
  class space    used 4321K, capacity 4583K, committed 4608K, reserved 1048576K
}
Event: 18.110 GC heap before
{Heap before GC invocations=14 (full 1):
 PSYoungGen      total 77824K, used 44918K [0x00000000e0000000, 0x00000000e5300000, 0x0000000100000000)
  eden space 71680K, 59% used [0x00000000e0000000,0x00000000e29eba48,0x00000000e4600000)
  from space 6144K, 32% used [0x00000000e4d00000,0x00000000e4ef1e70,0x00000000e5300000)
  to   space 6656K, 0% used [0x00000000e4600000,0x00000000e4600000,0x00000000e4c80000)
 ParOldGen       total 30208K, used 14806K [0x00000000a0000000, 0x00000000a1d80000, 0x00000000e0000000)
  object space 30208K, 49% used [0x00000000a0000000,0x00000000a0e75968,0x00000000a1d80000)
 Metaspace       used 34535K, capacity 35392K, committed 35416K, reserved 1079296K
  class space    used 4707K, capacity 4974K, committed 4992K, reserved 1048576K
Event: 18.121 GC heap after
Heap after GC invocations=14 (full 1):
 PSYoungGen      total 78336K, used 3951K [0x00000000e0000000, 0x00000000e7480000, 0x0000000100000000)
  eden space 71680K, 0% used [0x00000000e0000000,0x00000000e0000000,0x00000000e4600000)
  from space 6656K, 59% used [0x00000000e4600000,0x00000000e49dbfb8,0x00000000e4c80000)
  to   space 6656K, 0% used [0x00000000e6e00000,0x00000000e6e00000,0x00000000e7480000)
 ParOldGen       total 30208K, used 15746K [0x00000000a0000000, 0x00000000a1d80000, 0x00000000e0000000)
  object space 30208K, 52% used [0x00000000a0000000,0x00000000a0f609a8,0x00000000a1d80000)
 Metaspace       used 34535K, capacity 35392K, committed 35416K, reserved 1079296K
  class space    used 4707K, capacity 4974K, committed 4992K, reserved 1048576K
}
Event: 18.121 GC heap before
{Heap before GC invocations=15 (full 2):
 PSYoungGen      total 78336K, used 3951K [0x00000000e0000000, 0x00000000e7480000, 0x0000000100000000)
  eden space 71680K, 0% used [0x00000000e0000000,0x00000000e0000000,0x00000000e4600000)
  from space 6656K, 59% used [0x00000000e4600000,0x00000000e49dbfb8,0x00000000e4c80000)
  to   space 6656K, 0% used [0x00000000e6e00000,0x00000000e6e00000,0x00000000e7480000)
 ParOldGen       total 30208K, used 15746K [0x00000000a0000000, 0x00000000a1d80000, 0x00000000e0000000)
  object space 30208K, 52% used [0x00000000a0000000,0x00000000a0f609a8,0x00000000a1d80000)
 Metaspace       used 34535K, capacity 35392K, committed 35416K, reserved 1079296K
  class space    used 4707K, capacity 4974K, committed 4992K, reserved 1048576K
Event: 18.235 GC heap after
Heap after GC invocations=15 (full 2):
 PSYoungGen      total 78336K, used 0K [0x00000000e0000000, 0x00000000e7480000, 0x0000000100000000)
  eden space 71680K, 0% used [0x00000000e0000000,0x00000000e0000000,0x00000000e4600000)
  from space 6656K, 0% used [0x00000000e4600000,0x00000000e4600000,0x00000000e4c80000)
  to   space 6656K, 0% used [0x00000000e6e00000,0x00000000e6e00000,0x00000000e7480000)
 ParOldGen       total 49664K, used 16585K [0x00000000a0000000, 0x00000000a3080000, 0x00000000e0000000)
  object space 49664K, 33% used [0x00000000a0000000,0x00000000a1032708,0x00000000a3080000)
 Metaspace       used 34535K, capacity 35392K, committed 35416K, reserved 1079296K
  class space    used 4707K, capacity 4974K, committed 4992K, reserved 1048576K
}
Event: 19.228 GC heap before
{Heap before GC invocations=16 (full 2):
 PSYoungGen      total 78336K, used 71680K [0x00000000e0000000, 0x00000000e7480000, 0x0000000100000000)
  eden space 71680K, 100% used [0x00000000e0000000,0x00000000e4600000,0x00000000e4600000)
  from space 6656K, 0% used [0x00000000e4600000,0x00000000e4600000,0x00000000e4c80000)
  to   space 6656K, 0% used [0x00000000e6e00000,0x00000000e6e00000,0x00000000e7480000)
 ParOldGen       total 49664K, used 16585K [0x00000000a0000000, 0x00000000a3080000, 0x00000000e0000000)
  object space 49664K, 33% used [0x00000000a0000000,0x00000000a1032708,0x00000000a3080000)
 Metaspace       used 40633K, capacity 41532K, committed 41944K, reserved 1085440K
  class space    used 5446K, capacity 5761K, committed 5888K, reserved 1048576K
Event: 19.240 GC heap after
Heap after GC invocations=16 (full 2):
 PSYoungGen      total 98304K, used 6340K [0x00000000e0000000, 0x00000000e7480000, 0x0000000100000000)
  eden space 91648K, 0% used [0x00000000e0000000,0x00000000e0000000,0x00000000e5980000)
  from space 6656K, 95% used [0x00000000e6e00000,0x00000000e7431198,0x00000000e7480000)
  to   space 7168K, 0% used [0x00000000e6680000,0x00000000e6680000,0x00000000e6d80000)
 ParOldGen       total 49664K, used 16593K [0x00000000a0000000, 0x00000000a3080000, 0x00000000e0000000)
  object space 49664K, 33% used [0x00000000a0000000,0x00000000a1034708,0x00000000a3080000)
 Metaspace       used 40633K, capacity 41532K, committed 41944K, reserved 1085440K
  class space    used 5446K, capacity 5761K, committed 5888K, reserved 1048576K
}

Deoptimization events (10 events):
Event: 19.075 Thread 0x000000001ae6d000 Uncommon trap: reason=unstable_if action=reinterpret pc=0x0000000005552f3c method=java.util.LinkedHashMap.get(Ljava/lang/Object;)Ljava/lang/Object; @ 20
Event: 19.080 Thread 0x000000001ae6d000 Uncommon trap: reason=class_check action=maybe_recompile pc=0x0000000005683fec method=java.util.HashMap.removeNode(ILjava/lang/Object;Ljava/lang/Object;ZZ)Ljava/util/HashMap$Node; @ 68
Event: 19.819 Thread 0x000000001ae6d000 Uncommon trap: reason=class_check action=maybe_recompile pc=0x0000000005683fec method=java.util.HashMap.removeNode(ILjava/lang/Object;Ljava/lang/Object;ZZ)Ljava/util/HashMap$Node; @ 68
Event: 19.850 Thread 0x000000001ae6d000 Uncommon trap: reason=unstable_if action=reinterpret pc=0x00000000056ef77c method=java.security.CodeSource.matchCerts(Ljava/security/CodeSource;Z)Z @ 11
Event: 19.850 Thread 0x000000001ae6d000 Uncommon trap: reason=unstable_if action=reinterpret pc=0x00000000057475c0 method=java.lang.ClassLoader.compareCerts([Ljava/security/cert/Certificate;[Ljava/security/cert/Certificate;)Z @ 1
Event: 20.208 Thread 0x000000001ae6d000 Uncommon trap: reason=class_check action=maybe_recompile pc=0x0000000005683fec method=java.util.HashMap.removeNode(ILjava/lang/Object;Ljava/lang/Object;ZZ)Ljava/util/HashMap$Node; @ 68
Event: 21.003 Thread 0x000000001ae6d000 Uncommon trap: reason=unstable_if action=reinterpret pc=0x000000000515c7c4 method=org.objectweb.asm.ByteVector.putUTF8(Ljava/lang/String;)Lorg/objectweb/asm/ByteVector; @ 91
Event: 21.042 Thread 0x000000001ae6d000 Uncommon trap: reason=unstable_if action=reinterpret pc=0x0000000004b738f0 method=org.objectweb.asm.ByteVector.putUTF8(Ljava/lang/String;)Lorg/objectweb/asm/ByteVector; @ 91
Event: 21.166 Thread 0x000000001ae6d000 Uncommon trap: reason=unstable_if action=reinterpret pc=0x0000000005062ce4 method=java.lang.String.lastIndexOf([CII[CIII)I @ 17
Event: 21.166 Thread 0x000000001ae6d000 Uncommon trap: reason=unstable_if action=reinterpret pc=0x00000000054a4f0c method=sun.net.www.protocol.jar.Handler.parseURL(Ljava/net/URL;Ljava/lang/String;II)V @ 94

Classes redefined (0 events):
No events

Internal exceptions (10 events):
Event: 22.089 Thread 0x000000001ae6d000 Exception <a 'sun/nio/fs/WindowsException'> (0x00000000e3aae7d0) thrown at [D:\src\AOSP-openjdk-cygwin\jdk8u\hotspot\src\share\vm\prims\jni.cpp, line 709]
Event: 22.090 Thread 0x000000001ae6d000 Exception <a 'sun/nio/fs/WindowsException'> (0x00000000e3aaf490) thrown at [D:\src\AOSP-openjdk-cygwin\jdk8u\hotspot\src\share\vm\prims\jni.cpp, line 709]
Event: 22.090 Thread 0x000000001ae6d000 Exception <a 'sun/nio/fs/WindowsException'> (0x00000000e3ab1ec8) thrown at [D:\src\AOSP-openjdk-cygwin\jdk8u\hotspot\src\share\vm\prims\jni.cpp, line 709]
Event: 22.090 Thread 0x000000001ae6d000 Exception <a 'sun/nio/fs/WindowsException'> (0x00000000e3ab2aa8) thrown at [D:\src\AOSP-openjdk-cygwin\jdk8u\hotspot\src\share\vm\prims\jni.cpp, line 709]
Event: 22.091 Thread 0x000000001ae6d000 Exception <a 'sun/nio/fs/WindowsException'> (0x00000000e3ab46c0) thrown at [D:\src\AOSP-openjdk-cygwin\jdk8u\hotspot\src\share\vm\prims\jni.cpp, line 709]
Event: 22.091 Thread 0x000000001ae6d000 Exception <a 'sun/nio/fs/WindowsException'> (0x00000000e3ab52e0) thrown at [D:\src\AOSP-openjdk-cygwin\jdk8u\hotspot\src\share\vm\prims\jni.cpp, line 709]
Event: 22.092 Thread 0x000000001ae6d000 Exception <a 'sun/nio/fs/WindowsException'> (0x00000000e3ab8080) thrown at [D:\src\AOSP-openjdk-cygwin\jdk8u\hotspot\src\share\vm\prims\jni.cpp, line 709]
Event: 22.092 Thread 0x000000001ae6d000 Exception <a 'sun/nio/fs/WindowsException'> (0x00000000e3ab8cd8) thrown at [D:\src\AOSP-openjdk-cygwin\jdk8u\hotspot\src\share\vm\prims\jni.cpp, line 709]
Event: 22.092 Thread 0x000000001ae6d000 Exception <a 'sun/nio/fs/WindowsException'> (0x00000000e3aba968) thrown at [D:\src\AOSP-openjdk-cygwin\jdk8u\hotspot\src\share\vm\prims\jni.cpp, line 709]
Event: 22.092 Thread 0x000000001ae6d000 Exception <a 'sun/nio/fs/WindowsException'> (0x00000000e3abb600) thrown at [D:\src\AOSP-openjdk-cygwin\jdk8u\hotspot\src\share\vm\prims\jni.cpp, line 709]

Events (10 events):
Event: 22.095 loading class com/android/repository/impl/meta/SchemaModuleUtil
Event: 22.095 loading class com/android/repository/impl/meta/SchemaModuleUtil done
Event: 22.107 loading class org/w3c/dom/ls/LSResourceResolver
Event: 22.107 loading class org/w3c/dom/ls/LSResourceResolver done
Event: 22.107 loading class javax/xml/transform/Source
Event: 22.107 loading class javax/xml/transform/Source done
Event: 22.107 loading class org/xml/sax/XMLFilter
Event: 22.107 loading class org/xml/sax/XMLReader
Event: 22.107 loading class org/xml/sax/XMLReader done
Event: 22.108 loading class org/xml/sax/XMLFilter done


Dynamic libraries:
0x00007ff67a1c0000 - 0x00007ff67a1f1000 	C:\Program Files\Android\Android Studio\jre\bin\java.exe
0x00007ff99a420000 - 0x00007ff99a600000 	C:\WINDOWS\SYSTEM32\ntdll.dll
0x00007ff96ad40000 - 0x00007ff96ad74000 	C:\Program Files\AVAST Software\Avast\x64\aswhooka.dll
0x00007ff99a190000 - 0x00007ff99a23e000 	C:\WINDOWS\System32\KERNEL32.DLL
0x00007ff996ba0000 - 0x00007ff996e06000 	C:\WINDOWS\System32\KERNELBASE.dll
0x00007ff998ea0000 - 0x00007ff998f41000 	C:\WINDOWS\System32\ADVAPI32.dll
0x00007ff999590000 - 0x00007ff99962d000 	C:\WINDOWS\System32\msvcrt.dll
0x00007ff999020000 - 0x00007ff99907b000 	C:\WINDOWS\System32\sechost.dll
0x00007ff9993a0000 - 0x00007ff9994bf000 	C:\WINDOWS\System32\RPCRT4.dll
0x00007ff999800000 - 0x00007ff99998f000 	C:\WINDOWS\System32\USER32.dll
0x00007ff997730000 - 0x00007ff997750000 	C:\WINDOWS\System32\win32u.dll
0x00007ff997920000 - 0x00007ff997948000 	C:\WINDOWS\System32\GDI32.dll
0x00007ff997750000 - 0x00007ff9978e3000 	C:\WINDOWS\System32\gdi32full.dll
0x00007ff996a20000 - 0x00007ff996abb000 	C:\WINDOWS\System32\msvcp_win.dll
0x00007ff996820000 - 0x00007ff996916000 	C:\WINDOWS\System32\ucrtbase.dll
0x00007ff988500000 - 0x00007ff988769000 	C:\WINDOWS\WinSxS\amd64_microsoft.windows.common-controls_6595b64144ccf1df_6.0.16299.192_none_15c8cdae9364c23b\COMCTL32.dll
0x00007ff999e60000 - 0x00007ff99a168000 	C:\WINDOWS\System32\combase.dll
0x00007ff996b20000 - 0x00007ff996b92000 	C:\WINDOWS\System32\bcryptPrimitives.dll
0x00007ff9978f0000 - 0x00007ff99791d000 	C:\WINDOWS\System32\IMM32.DLL
0x000000006eec0000 - 0x000000006ef92000 	C:\Program Files\Android\Android Studio\jre\jre\bin\msvcr100.dll
0x000000006efa0000 - 0x000000006f7de000 	C:\Program Files\Android\Android Studio\jre\jre\bin\server\jvm.dll
0x00007ff99a240000 - 0x00007ff99a248000 	C:\WINDOWS\System32\PSAPI.DLL
0x00007ff985c40000 - 0x00007ff985c49000 	C:\WINDOWS\SYSTEM32\WSOCK32.dll
0x00007ff999520000 - 0x00007ff99958c000 	C:\WINDOWS\System32\WS2_32.dll
0x00007ff994310000 - 0x00007ff994333000 	C:\WINDOWS\SYSTEM32\WINMM.dll
0x00007ff9888d0000 - 0x00007ff9888da000 	C:\WINDOWS\SYSTEM32\VERSION.dll
0x00007ff9942e0000 - 0x00007ff99430a000 	C:\WINDOWS\SYSTEM32\WINMMBASE.dll
0x00007ff9969d0000 - 0x00007ff996a1a000 	C:\WINDOWS\System32\cfgmgr32.dll
0x00007ff993180000 - 0x00007ff99318f000 	C:\Program Files\Android\Android Studio\jre\jre\bin\verify.dll
0x00007ff98c6d0000 - 0x00007ff98c6f9000 	C:\Program Files\Android\Android Studio\jre\jre\bin\java.dll
0x00007ff992e50000 - 0x00007ff992e66000 	C:\Program Files\Android\Android Studio\jre\jre\bin\zip.dll
0x00007ff997a60000 - 0x00007ff998e96000 	C:\WINDOWS\System32\SHELL32.dll
0x00007ff999690000 - 0x00007ff999736000 	C:\WINDOWS\System32\shcore.dll
0x00007ff996e10000 - 0x00007ff997557000 	C:\WINDOWS\System32\windows.storage.dll
0x00007ff999340000 - 0x00007ff999391000 	C:\WINDOWS\System32\shlwapi.dll
0x00007ff996790000 - 0x00007ff9967a1000 	C:\WINDOWS\System32\kernel.appcore.dll
0x00007ff9967b0000 - 0x00007ff9967fc000 	C:\WINDOWS\System32\powrprof.dll
0x00007ff996770000 - 0x00007ff99678b000 	C:\WINDOWS\System32\profapi.dll
0x00007ff992710000 - 0x00007ff99272a000 	C:\Program Files\Android\Android Studio\jre\jre\bin\net.dll
0x00007ff996000000 - 0x00007ff996066000 	C:\WINDOWS\system32\mswsock.dll
0x00007ff992520000 - 0x00007ff992531000 	C:\Program Files\Android\Android Studio\jre\jre\bin\nio.dll
0x00007ff990510000 - 0x00007ff99052e000 	C:\Users\Kevin\.gradle\native\25\windows-amd64\native-platform.dll
0x00007ff9924d0000 - 0x00007ff9924dd000 	C:\Program Files\Android\Android Studio\jre\jre\bin\management.dll
0x00007ff9961c0000 - 0x00007ff9961d7000 	C:\WINDOWS\SYSTEM32\CRYPTSP.dll
0x00007ff995c10000 - 0x00007ff995c43000 	C:\WINDOWS\system32\rsaenh.dll
0x00007ff9962d0000 - 0x00007ff9962f5000 	C:\WINDOWS\SYSTEM32\bcrypt.dll
0x00007ff9966a0000 - 0x00007ff9966c9000 	C:\WINDOWS\SYSTEM32\USERENV.dll
0x00007ff9961e0000 - 0x00007ff9961eb000 	C:\WINDOWS\SYSTEM32\CRYPTBASE.dll
0x00007ff995d90000 - 0x00007ff995dc9000 	C:\WINDOWS\SYSTEM32\IPHLPAPI.DLL
0x00007ff9997f0000 - 0x00007ff9997f8000 	C:\WINDOWS\System32\NSI.dll
0x00007ff990410000 - 0x00007ff990426000 	C:\WINDOWS\SYSTEM32\dhcpcsvc6.DLL
0x00007ff9903f0000 - 0x00007ff99040a000 	C:\WINDOWS\SYSTEM32\dhcpcsvc.DLL

VM Arguments:
jvm_args: -Xmx1536m -Dfile.encoding=windows-1252 -Duser.country=US -Duser.language=en -Duser.variant 
java_command: org.gradle.launcher.daemon.bootstrap.GradleDaemon 4.1
java_class_path (initial): C:\Users\Kevin\.gradle\wrapper\dists\gradle-4.1-all\bzyivzo6n839fup2jbap0tjew\gradle-4.1\lib\gradle-launcher-4.1.jar
Launcher Type: SUN_STANDARD

Environment Variables:
PATH=C:\ProgramData\Oracle\Java\javapath;C:\Program Files (x86)\Intel\iCLS Client\;C:\Program Files\Intel\iCLS Client\;C:\WINDOWS\system32;C:\WINDOWS;C:\WINDOWS\System32\Wbem;C:\WINDOWS\System32\WindowsPowerShell\v1.0\;C:\Program Files\Intel\Intel(R) Management Engine Components\DAL;C:\Program Files (x86)\Intel\Intel(R) Management Engine Components\DAL;C:\Program Files\Intel\Intel(R) Management Engine Components\IPT;C:\Program Files (x86)\Intel\Intel(R) Management Engine Components\IPT;C:\Program Files\Lenovo\Fingerprint Manager Pro\;C:\ProgramData\Lenovo\ReadyApps;C:\Program Files (x86)\Windows Live\Shared;C:\Program Files (x86)\Skype\Phone\;C:\Program Files\Git\cmd;C:\Program Files\Intel\WiFi\bin\;C:\Program Files\Common Files\Intel\WirelessCommon\;C:\Program Files\dotnet\;C:\Program Files\Microsoft SQL Server\Client SDK\ODBC\130\Tools\Binn\;C:\Program Files (x86)\Microsoft SQL Server\140\Tools\Binn\;C:\Program Files\Microsoft SQL Server\140\Tools\Binn\;C:\Program Files\Microsoft SQL Server\140\DTS\Binn\;C:\Program Files (x86)\Microsoft SQL Server\Client SDK\ODBC\130\Tools\Binn\;C:\Program Files (x86)\Microsoft SQL Server\140\DTS\Binn\;C:\Program Files (x86)\Microsoft SQL Server\140\Tools\Binn\ManagementStudio\;C:\Program Files\Microsoft SQL Server\130\Tools\Binn\;C:\Users\Kevin\AppData\Local\Microsoft\WindowsApps;C:\Program Files\Intel\WiFi\bin\;C:\Program Files\Common Files\Intel\WirelessCommon\;C:\Program Files\Java\jdk1.8.0_71\bin;C:\LWJGL;
USERNAME=Kevin
OS=Windows_NT
PROCESSOR_IDENTIFIER=Intel64 Family 6 Model 61 Stepping 4, GenuineIntel



---------------  S Y S T E M  ---------------

OS: Windows 10.0 , 64 bit Build 16299 (10.0.16299.15)

CPU:total 4 (initial active 4) (2 cores per cpu, 2 threads per core) family 6 model 61 stepping 4, cmov, cx8, fxsr, mmx, sse, sse2, sse3, ssse3, sse4.1, sse4.2, popcnt, avx, avx2, aes, clmul, erms, 3dnowpref, lzcnt, ht, tsc, tscinvbit, bmi1, bmi2, adx

Memory: 4k page, physical 4070856k(487412k free), swap 6279844k(6868k free)

vm_info: OpenJDK 64-Bit Server VM (25.152-b01) for windows-amd64 JRE (1.8.0_152-release-915-b01), built by "builder" with MS VC++ 10.0 (VS2010)

time: Tue Feb 13 18:21:11 2018
elapsed time: 22 seconds (0d 0h 0m 22s)

