#
# There is insufficient memory for the Java Runtime Environment to continue.
# Native memory allocation (malloc) failed to allocate 715296 bytes for Chunk::new
# Possible reasons:
#   The system is out of physical RAM or swap space
#   In 32 bit mode, the process size limit was hit
# Possible solutions:
#   Reduce memory load on the system
#   Increase physical memory or swap space
#   Check if swap backing store is full
#   Use 64 bit Java on a 64 bit OS
#   Decrease Java heap size (-Xmx/-Xms)
#   Decrease number of Java threads
#   Decrease Java thread stack sizes (-Xss)
#   Set larger code cache with -XX:ReservedCodeCacheSize=
# This output file may be truncated or incomplete.
#
#  Out of Memory Error (allocation.cpp:390), pid=12280, tid=0x00000000000039b0
#
# JRE version: OpenJDK Runtime Environment (8.0_152-b01) (build 1.8.0_152-release-915-b01)
# Java VM: OpenJDK 64-Bit Server VM (25.152-b01 mixed mode windows-amd64 compressed oops)
# Failed to write core dump. Minidumps are not enabled by default on client versions of Windows
#

---------------  T H R E A D  ---------------

Current thread (0x00000000189c0800):  JavaThread "C2 CompilerThread1" daemon [_thread_in_native, id=14768, stack(0x000000001a110000,0x000000001a210000)]

Stack: [0x000000001a110000,0x000000001a210000]
[error occurred during error reporting (printing stack bounds), id 0xc0000005]

Native frames: (J=compiled Java code, j=interpreted, Vv=VM code, C=native code)


Current CompileTask:
C2: 200496 11657       4       org.gradle.internal.component.external.model.AbstractModuleComponentResolveMetadata::populateConfigurationFromDescriptor (270 bytes)


---------------  P R O C E S S  ---------------

Java Threads: ( => current thread )
  0x000000001edb1800 JavaThread "Cache worker for Artifact transforms cache (C:\Users\Kevin\.gradle\caches\transforms-1)" [_thread_blocked, id=708, stack(0x0000000029de0000,0x0000000029ee0000)]
  0x000000001edab000 JavaThread "Cache worker for file hash cache (C:\Users\Kevin\AndroidStudioProjects\ColorPicker\.gradle\4.1\fileHashes)" [_thread_blocked, id=14932, stack(0x0000000029ce0000,0x0000000029de0000)]
  0x000000001edae800 JavaThread "Stdin handler" [_thread_blocked, id=6496, stack(0x0000000029be0000,0x0000000029ce0000)]
  0x000000001edae000 JavaThread "Asynchronous log dispatcher for DefaultDaemonConnection: socket connection from /127.0.0.1:57031 to /127.0.0.1:57295" [_thread_blocked, id=14640, stack(0x0000000029ae0000,0x0000000029be0000)]
  0x000000001edad000 JavaThread "Daemon worker Thread 2" [_thread_in_native, id=14060, stack(0x00000000299e0000,0x0000000029ae0000)]
  0x000000001edac800 JavaThread "Cancel handler" [_thread_blocked, id=17160, stack(0x00000000298e0000,0x00000000299e0000)]
  0x000000001edb0000 JavaThread "Handler for socket connection from /127.0.0.1:57031 to /127.0.0.1:57295" [_thread_in_native, id=11988, stack(0x00000000297e0000,0x00000000298e0000)]
  0x000000001edb1000 JavaThread "Daemon Thread 2" [_thread_blocked, id=15528, stack(0x00000000296e0000,0x00000000297e0000)]
  0x000000001ef7c800 JavaThread "Memory manager" [_thread_blocked, id=14508, stack(0x0000000023540000,0x0000000023640000)]
  0x000000001ef7e800 JavaThread "pool-1-thread-1" [_thread_blocked, id=15612, stack(0x0000000023240000,0x0000000023340000)]
  0x000000001be55000 JavaThread "File lock request listener" [_thread_in_native, id=12320, stack(0x000000001e230000,0x000000001e330000)]
  0x000000001be60800 JavaThread "Cache worker for file hash cache (C:\Users\Kevin\.gradle\caches\4.1\fileHashes)" [_thread_blocked, id=14484, stack(0x000000001e130000,0x000000001e230000)]
  0x000000001b521800 JavaThread "Daemon periodic checks" [_thread_blocked, id=16460, stack(0x000000001c860000,0x000000001c960000)]
  0x000000001b523000 JavaThread "Incoming local TCP Connector on port 57031" [_thread_in_native, id=10216, stack(0x000000001c620000,0x000000001c720000)]
  0x000000001a340800 JavaThread "Service Thread" daemon [_thread_blocked, id=4500, stack(0x000000001a710000,0x000000001a810000)]
  0x00000000189c8800 JavaThread "C1 CompilerThread2" daemon [_thread_blocked, id=12664, stack(0x000000001a210000,0x000000001a310000)]
=>0x00000000189c0800 JavaThread "C2 CompilerThread1" daemon [_thread_in_native, id=14768, stack(0x000000001a110000,0x000000001a210000)]
  0x00000000189bc000 JavaThread "C2 CompilerThread0" daemon [_thread_in_native, id=16448, stack(0x000000001a010000,0x000000001a110000)]
  0x00000000189ba800 JavaThread "Attach Listener" daemon [_thread_blocked, id=8968, stack(0x0000000019f10000,0x000000001a010000)]
  0x00000000189b9000 JavaThread "Signal Dispatcher" daemon [_thread_blocked, id=5136, stack(0x0000000019e10000,0x0000000019f10000)]
  0x00000000189ad000 JavaThread "Finalizer" daemon [_thread_blocked, id=2336, stack(0x0000000019c20000,0x0000000019d20000)]
  0x0000000005043000 JavaThread "Reference Handler" daemon [_thread_blocked, id=17192, stack(0x0000000019b20000,0x0000000019c20000)]
  0x0000000004f4e000 JavaThread "main" [_thread_blocked, id=14952, stack(0x0000000004da0000,0x0000000004ea0000)]

Other Threads:
  0x0000000018984800 VMThread [stack: 0x0000000019a20000,0x0000000019b20000] [id=16556]
  0x0000000018a1e800 WatcherThread [stack: 0x000000001a810000,0x000000001a910000] [id=9568]

VM state:not at safepoint (normal execution)

VM Mutex/Monitor currently owned by a thread: None

Heap:
 PSYoungGen      total 218624K, used 164688K [0x00000000e0000000, 0x00000000ee600000, 0x0000000100000000)
  eden space 201216K, 78% used [0x00000000e0000000,0x00000000e9aad3d0,0x00000000ec480000)
  from space 17408K, 36% used [0x00000000ed500000,0x00000000edb26df8,0x00000000ee600000)
  to   space 16896K, 0% used [0x00000000ec480000,0x00000000ec480000,0x00000000ed500000)
 ParOldGen       total 83968K, used 57207K [0x00000000a0000000, 0x00000000a5200000, 0x00000000e0000000)
  object space 83968K, 68% used [0x00000000a0000000,0x00000000a37ddd20,0x00000000a5200000)
 Metaspace       used 73759K, capacity 77410K, committed 77528K, reserved 1116160K
  class space    used 9766K, capacity 10640K, committed 10752K, reserved 1048576K

Card table byte_map: [0x0000000014410000,0x0000000014720000] byte_map_base: 0x0000000013f10000

Marking Bits: (ParMarkBitMap*) 0x0000000062c13950
 Begin Bits: [0x0000000014d20000, 0x0000000016520000)
 End Bits:   [0x0000000016520000, 0x0000000017d20000)

Polling page: 0x0000000004ea0000

CodeCache: size=245760Kb used=32737Kb max_used=33067Kb free=213022Kb
 bounds [0x0000000005050000, 0x00000000070e0000, 0x0000000014050000]
 total_blobs=10670 nmethods=9850 adapters=732
 compilation: enabled

Compilation events (10 events):
Event: 200.351 Thread 0x00000000189c8800 11654       3       com.sun.xml.internal.stream.XMLEntityStorage::startExternalSubset (6 bytes)
Event: 200.351 Thread 0x00000000189c8800 nmethod 11654 0x00000000066ebf50 code [0x00000000066ec0a0, 0x00000000066ec1f0]
Event: 200.351 Thread 0x00000000189c8800 11655       3       com.sun.org.apache.xerces.internal.dom.DeferredDocumentTypeImpl::synchronizeData (68 bytes)
Event: 200.352 Thread 0x00000000189c8800 nmethod 11655 0x0000000005d53550 code [0x0000000005d53740, 0x0000000005d53e88]
Event: 200.352 Thread 0x00000000189c8800 11656       3       org.gradle.api.internal.artifacts.ivyservice.ivyresolve.parser.PomReader::hasParent (13 bytes)
Event: 200.352 Thread 0x00000000189c8800 nmethod 11656 0x000000000560f3d0 code [0x000000000560f520, 0x000000000560f6d0]
Event: 200.358 Thread 0x00000000189c8800 11659       3       org.apache.ivy.core.settings.IvyVariableContainerImpl::getVariable (54 bytes)
Event: 200.358 Thread 0x00000000189c8800 nmethod 11659 0x00000000057e2a50 code [0x00000000057e2c00, 0x00000000057e3338]
Event: 200.358 Thread 0x00000000189c8800 11660       3       java.util.Vector::indexOf (7 bytes)
Event: 200.359 Thread 0x00000000189c8800 nmethod 11660 0x00000000052a7d90 code [0x00000000052a7f00, 0x00000000052a8128]

GC Heap History (10 events):
Event: 37.065 GC heap before
{Heap before GC invocations=17 (full 2):
 PSYoungGen      total 132096K, used 93960K [0x00000000e0000000, 0x00000000e8f00000, 0x0000000100000000)
  eden space 121344K, 70% used [0x00000000e0000000,0x00000000e53976a8,0x00000000e7680000)
  from space 10752K, 77% used [0x00000000e8200000,0x00000000e8a2abd8,0x00000000e8c80000)
  to   space 11776K, 0% used [0x00000000e7680000,0x00000000e7680000,0x00000000e8200000)
 ParOldGen       total 53760K, used 25063K [0x00000000a0000000, 0x00000000a3480000, 0x00000000e0000000)
  object space 53760K, 46% used [0x00000000a0000000,0x00000000a1879f40,0x00000000a3480000)
 Metaspace       used 57211K, capacity 58978K, committed 59028K, reserved 1099776K
  class space    used 7665K, capacity 8161K, committed 8192K, reserved 1048576K
Event: 37.129 GC heap after
Heap after GC invocations=17 (full 2):
 PSYoungGen      total 133120K, used 9011K [0x00000000e0000000, 0x00000000ec280000, 0x0000000100000000)
  eden space 121344K, 0% used [0x00000000e0000000,0x00000000e0000000,0x00000000e7680000)
  from space 11776K, 76% used [0x00000000e7680000,0x00000000e7f4ccf0,0x00000000e8200000)
  to   space 12288K, 0% used [0x00000000eb680000,0x00000000eb680000,0x00000000ec280000)
 ParOldGen       total 53760K, used 29337K [0x00000000a0000000, 0x00000000a3480000, 0x00000000e0000000)
  object space 53760K, 54% used [0x00000000a0000000,0x00000000a1ca6408,0x00000000a3480000)
 Metaspace       used 57211K, capacity 58978K, committed 59028K, reserved 1099776K
  class space    used 7665K, capacity 8161K, committed 8192K, reserved 1048576K
}
Event: 37.130 GC heap before
{Heap before GC invocations=18 (full 3):
 PSYoungGen      total 133120K, used 9011K [0x00000000e0000000, 0x00000000ec280000, 0x0000000100000000)
  eden space 121344K, 0% used [0x00000000e0000000,0x00000000e0000000,0x00000000e7680000)
  from space 11776K, 76% used [0x00000000e7680000,0x00000000e7f4ccf0,0x00000000e8200000)
  to   space 12288K, 0% used [0x00000000eb680000,0x00000000eb680000,0x00000000ec280000)
 ParOldGen       total 53760K, used 29337K [0x00000000a0000000, 0x00000000a3480000, 0x00000000e0000000)
  object space 53760K, 54% used [0x00000000a0000000,0x00000000a1ca6408,0x00000000a3480000)
 Metaspace       used 57211K, capacity 58978K, committed 59028K, reserved 1099776K
  class space    used 7665K, capacity 8161K, committed 8192K, reserved 1048576K
Event: 37.520 GC heap after
Heap after GC invocations=18 (full 3):
 PSYoungGen      total 133120K, used 0K [0x00000000e0000000, 0x00000000ec280000, 0x0000000100000000)
  eden space 121344K, 0% used [0x00000000e0000000,0x00000000e0000000,0x00000000e7680000)
  from space 11776K, 0% used [0x00000000e7680000,0x00000000e7680000,0x00000000e8200000)
  to   space 12288K, 0% used [0x00000000eb680000,0x00000000eb680000,0x00000000ec280000)
 ParOldGen       total 83968K, used 34077K [0x00000000a0000000, 0x00000000a5200000, 0x00000000e0000000)
  object space 83968K, 40% used [0x00000000a0000000,0x00000000a21476d0,0x00000000a5200000)
 Metaspace       used 57211K, capacity 58978K, committed 59028K, reserved 1099776K
  class space    used 7665K, capacity 8161K, committed 8192K, reserved 1048576K
}
Event: 38.542 GC heap before
{Heap before GC invocations=19 (full 3):
 PSYoungGen      total 133120K, used 121344K [0x00000000e0000000, 0x00000000ec280000, 0x0000000100000000)
  eden space 121344K, 100% used [0x00000000e0000000,0x00000000e7680000,0x00000000e7680000)
  from space 11776K, 0% used [0x00000000e7680000,0x00000000e7680000,0x00000000e8200000)
  to   space 12288K, 0% used [0x00000000eb680000,0x00000000eb680000,0x00000000ec280000)
 ParOldGen       total 83968K, used 34077K [0x00000000a0000000, 0x00000000a5200000, 0x00000000e0000000)
  object space 83968K, 40% used [0x00000000a0000000,0x00000000a21476d0,0x00000000a5200000)
 Metaspace       used 58590K, capacity 60574K, committed 60760K, reserved 1101824K
  class space    used 7907K, capacity 8464K, committed 8576K, reserved 1048576K
Event: 38.576 GC heap after
Heap after GC invocations=19 (full 3):
 PSYoungGen      total 176128K, used 12288K [0x00000000e0000000, 0x00000000ec280000, 0x0000000100000000)
  eden space 163840K, 0% used [0x00000000e0000000,0x00000000e0000000,0x00000000ea000000)
  from space 12288K, 100% used [0x00000000eb680000,0x00000000ec280000,0x00000000ec280000)
  to   space 15360K, 0% used [0x00000000ea480000,0x00000000ea480000,0x00000000eb380000)
 ParOldGen       total 83968K, used 37662K [0x00000000a0000000, 0x00000000a5200000, 0x00000000e0000000)
  object space 83968K, 44% used [0x00000000a0000000,0x00000000a24c7ac8,0x00000000a5200000)
 Metaspace       used 58590K, capacity 60574K, committed 60760K, reserved 1101824K
  class space    used 7907K, capacity 8464K, committed 8576K, reserved 1048576K
}
Event: 42.096 GC heap before
{Heap before GC invocations=20 (full 3):
 PSYoungGen      total 176128K, used 176128K [0x00000000e0000000, 0x00000000ec280000, 0x0000000100000000)
  eden space 163840K, 100% used [0x00000000e0000000,0x00000000ea000000,0x00000000ea000000)
  from space 12288K, 100% used [0x00000000eb680000,0x00000000ec280000,0x00000000ec280000)
  to   space 15360K, 0% used [0x00000000ea480000,0x00000000ea480000,0x00000000eb380000)
 ParOldGen       total 83968K, used 37662K [0x00000000a0000000, 0x00000000a5200000, 0x00000000e0000000)
  object space 83968K, 44% used [0x00000000a0000000,0x00000000a24c7ac8,0x00000000a5200000)
 Metaspace       used 68172K, capacity 71064K, committed 71128K, reserved 1110016K
  class space    used 9043K, capacity 9723K, committed 9728K, reserved 1048576K
Event: 42.137 GC heap after
Heap after GC invocations=20 (full 3):
 PSYoungGen      total 183808K, used 15156K [0x00000000e0000000, 0x00000000ee600000, 0x0000000100000000)
  eden space 168448K, 0% used [0x00000000e0000000,0x00000000e0000000,0x00000000ea480000)
  from space 15360K, 98% used [0x00000000ea480000,0x00000000eb34d228,0x00000000eb380000)
  to   space 17408K, 0% used [0x00000000ed500000,0x00000000ed500000,0x00000000ee600000)
 ParOldGen       total 83968K, used 49958K [0x00000000a0000000, 0x00000000a5200000, 0x00000000e0000000)
  object space 83968K, 59% used [0x00000000a0000000,0x00000000a30c9830,0x00000000a5200000)
 Metaspace       used 68172K, capacity 71064K, committed 71128K, reserved 1110016K
  class space    used 9043K, capacity 9723K, committed 9728K, reserved 1048576K
}
Event: 100.373 GC heap before
{Heap before GC invocations=21 (full 3):
 PSYoungGen      total 183808K, used 183604K [0x00000000e0000000, 0x00000000ee600000, 0x0000000100000000)
  eden space 168448K, 100% used [0x00000000e0000000,0x00000000ea480000,0x00000000ea480000)
  from space 15360K, 98% used [0x00000000ea480000,0x00000000eb34d228,0x00000000eb380000)
  to   space 17408K, 0% used [0x00000000ed500000,0x00000000ed500000,0x00000000ee600000)
 ParOldGen       total 83968K, used 49958K [0x00000000a0000000, 0x00000000a5200000, 0x00000000e0000000)
  object space 83968K, 59% used [0x00000000a0000000,0x00000000a30c9830,0x00000000a5200000)
 Metaspace       used 71964K, capacity 75308K, committed 75608K, reserved 1114112K
  class space    used 9526K, capacity 10313K, committed 10368K, reserved 1048576K
Event: 100.406 GC heap after
Heap after GC invocations=21 (full 3):
 PSYoungGen      total 218624K, used 6299K [0x00000000e0000000, 0x00000000ee600000, 0x0000000100000000)
  eden space 201216K, 0% used [0x00000000e0000000,0x00000000e0000000,0x00000000ec480000)
  from space 17408K, 36% used [0x00000000ed500000,0x00000000edb26df8,0x00000000ee600000)
  to   space 16896K, 0% used [0x00000000ec480000,0x00000000ec480000,0x00000000ed500000)
 ParOldGen       total 83968K, used 57207K [0x00000000a0000000, 0x00000000a5200000, 0x00000000e0000000)
  object space 83968K, 68% used [0x00000000a0000000,0x00000000a37ddd20,0x00000000a5200000)
 Metaspace       used 71964K, capacity 75308K, committed 75608K, reserved 1114112K
  class space    used 9526K, capacity 10313K, committed 10368K, reserved 1048576K
}

Deoptimization events (10 events):
Event: 106.153 Thread 0x000000001b82d000 Uncommon trap: reason=bimorphic action=maybe_recompile pc=0x0000000006f2cc60 method=org.gradle.api.specs.NotSpec.isSatisfiedBy(Ljava/lang/Object;)Z @ 5
Event: 106.153 Thread 0x000000001b82d000 Uncommon trap: reason=bimorphic action=maybe_recompile pc=0x0000000006f2cc60 method=org.gradle.api.specs.NotSpec.isSatisfiedBy(Ljava/lang/Object;)Z @ 5
Event: 106.154 Thread 0x000000001b82d000 Uncommon trap: reason=bimorphic action=maybe_recompile pc=0x0000000006f2cc60 method=org.gradle.api.specs.NotSpec.isSatisfiedBy(Ljava/lang/Object;)Z @ 5
Event: 106.983 Thread 0x000000001b82d000 Uncommon trap: reason=unstable_if action=reinterpret pc=0x000000000702c26c method=org.apache.commons.lang.StringUtils.splitWorker(Ljava/lang/String;Ljava/lang/String;IZ)[Ljava/lang/String; @ 142
Event: 106.995 Thread 0x000000001b82d000 Uncommon trap: reason=array_check action=maybe_recompile pc=0x0000000006e7fb60 method=java.util.ComparableTimSort.binarySort([Ljava/lang/Object;III)V @ 183
Event: 107.003 Thread 0x000000001b82d000 Uncommon trap: reason=array_check action=maybe_recompile pc=0x0000000006e7f9d4 method=java.util.ComparableTimSort.binarySort([Ljava/lang/Object;III)V @ 215
Event: 107.005 Thread 0x000000001b82d000 Uncommon trap: reason=array_check action=maybe_recompile pc=0x0000000006e7fb60 method=java.util.ComparableTimSort.binarySort([Ljava/lang/Object;III)V @ 183
Event: 199.787 Thread 0x000000001edad000 Uncommon trap: reason=array_check action=maybe_recompile pc=0x0000000006e7fb60 method=java.util.ComparableTimSort.binarySort([Ljava/lang/Object;III)V @ 183
Event: 200.008 Thread 0x000000001edad000 Uncommon trap: reason=array_check action=maybe_recompile pc=0x00000000063bf630 method=java.util.ComparableTimSort.binarySort([Ljava/lang/Object;III)V @ 193
Event: 200.023 Thread 0x000000001edad000 Uncommon trap: reason=array_check action=maybe_recompile pc=0x00000000063bf630 method=java.util.ComparableTimSort.binarySort([Ljava/lang/Object;III)V @ 193

Classes redefined (0 events):
No events

Internal exceptions (10 events):
Event: 100.114 Thread 0x000000001b82d000 Exception <a 'java/lang/NoSuchMethodError': <clinit>> (0x00000000ea0f20e0) thrown at [D:\src\AOSP-openjdk-cygwin\jdk8u\hotspot\src\share\vm\prims\jni.cpp, line 1613]
Event: 100.117 Thread 0x000000001b82d000 Exception <a 'java/lang/NoSuchMethodError': <clinit>> (0x00000000ea0f5d38) thrown at [D:\src\AOSP-openjdk-cygwin\jdk8u\hotspot\src\share\vm\prims\jni.cpp, line 1613]
Event: 100.118 Thread 0x000000001b82d000 Exception <a 'java/lang/NoSuchMethodError': <clinit>> (0x00000000ea0f7840) thrown at [D:\src\AOSP-openjdk-cygwin\jdk8u\hotspot\src\share\vm\prims\jni.cpp, line 1613]
Event: 100.368 Thread 0x000000001b82d000 Exception <a 'java/lang/ClassNotFoundException': sync_local_repo2162_9ltxx5czsmdtohbgghfi814fyBeanInfo> (0x00000000ea2a50d0) thrown at [D:\src\AOSP-openjdk-cygwin\jdk8u\hotspot\src\share\vm\classfile\systemDictionary.cpp, line 210]
Event: 100.369 Thread 0x000000001b82d000 Exception <a 'java/lang/ClassNotFoundException': sync_local_repo2162_9ltxx5czsmdtohbgghfi814fyCustomizer> (0x00000000ea2af950) thrown at [D:\src\AOSP-openjdk-cygwin\jdk8u\hotspot\src\share\vm\classfile\systemDictionary.cpp, line 210]
Event: 102.111 Thread 0x000000001b82d000 Exception <a 'sun/nio/fs/WindowsException'> (0x00000000e31709a0) thrown at [D:\src\AOSP-openjdk-cygwin\jdk8u\hotspot\src\share\vm\prims\jni.cpp, line 709]
Event: 106.024 Thread 0x000000001b82d000 Exception <a 'java/lang/NoSuchMethodError': <clinit>> (0x00000000e6710d58) thrown at [D:\src\AOSP-openjdk-cygwin\jdk8u\hotspot\src\share\vm\prims\jni.cpp, line 1613]
Event: 107.024 Thread 0x000000001b82d000 Exception <a 'sun/nio/fs/WindowsException'> (0x00000000e80cf3f0) thrown at [D:\src\AOSP-openjdk-cygwin\jdk8u\hotspot\src\share\vm\prims\jni.cpp, line 709]
Event: 199.804 Thread 0x000000001edad000 Exception <a 'java/lang/ClassNotFoundException': sync_local_repo3008_awooj4rdqhhmcopechir2izg3BeanInfo> (0x00000000e8cf2710) thrown at [D:\src\AOSP-openjdk-cygwin\jdk8u\hotspot\src\share\vm\classfile\systemDictionary.cpp, line 210]
Event: 199.807 Thread 0x000000001edad000 Exception <a 'java/lang/ClassNotFoundException': sync_local_repo3008_awooj4rdqhhmcopechir2izg3Customizer> (0x00000000e8cfcf90) thrown at [D:\src\AOSP-openjdk-cygwin\jdk8u\hotspot\src\share\vm\classfile\systemDictionary.cpp, line 210]

Events (10 events):
Event: 200.048 Thread 0x00000000189c8800 flushing nmethod 0x0000000006af9910
Event: 200.051 Thread 0x00000000189c8800 flushing nmethod 0x0000000006b36f10
Event: 200.052 Thread 0x00000000189c8800 flushing nmethod 0x0000000006b4fdd0
Event: 200.054 Thread 0x00000000189c8800 flushing nmethod 0x0000000006baf450
Event: 200.059 Thread 0x000000001edad000 DEOPT PACKING pc=0x0000000005c14ac8 sp=0x0000000029ad5c70
Event: 200.059 Thread 0x000000001edad000 DEOPT UNPACKING pc=0x00000000050975bf sp=0x0000000029ad59d8 mode 0
Event: 200.069 Thread 0x00000000189c8800 flushing nmethod 0x0000000006d17850
Event: 200.073 Thread 0x00000000189c8800 flushing nmethod 0x0000000006d330d0
Event: 200.074 Thread 0x00000000189c8800 flushing nmethod 0x0000000006d35710
Event: 200.112 Thread 0x000000001edb1800 Thread added: 0x000000001edb1800


Dynamic libraries:
0x00007ff6742c0000 - 0x00007ff6742f1000 	C:\Program Files\Android\Android Studio\jre\bin\java.exe
0x00007ffb34470000 - 0x00007ffb34650000 	C:\WINDOWS\SYSTEM32\ntdll.dll
0x00007ffaf9e50000 - 0x00007ffaf9e84000 	C:\Program Files\AVAST Software\Avast\x64\aswhooka.dll
0x00007ffb31e50000 - 0x00007ffb31efe000 	C:\WINDOWS\System32\KERNEL32.DLL
0x00007ffb315d0000 - 0x00007ffb31836000 	C:\WINDOWS\System32\KERNELBASE.dll
0x00007ffb34190000 - 0x00007ffb34231000 	C:\WINDOWS\System32\ADVAPI32.dll
0x00007ffb31d70000 - 0x00007ffb31e0d000 	C:\WINDOWS\System32\msvcrt.dll
0x00007ffb31a70000 - 0x00007ffb31acb000 	C:\WINDOWS\System32\sechost.dll
0x00007ffb335c0000 - 0x00007ffb336df000 	C:\WINDOWS\System32\RPCRT4.dll
0x00007ffb31ad0000 - 0x00007ffb31c5f000 	C:\WINDOWS\System32\USER32.dll
0x00007ffb30ac0000 - 0x00007ffb30ae0000 	C:\WINDOWS\System32\win32u.dll
0x00007ffb33590000 - 0x00007ffb335b8000 	C:\WINDOWS\System32\GDI32.dll
0x00007ffb30b40000 - 0x00007ffb30cd3000 	C:\WINDOWS\System32\gdi32full.dll
0x00007ffb31530000 - 0x00007ffb315cb000 	C:\WINDOWS\System32\msvcp_win.dll
0x00007ffb31840000 - 0x00007ffb31936000 	C:\WINDOWS\System32\ucrtbase.dll
0x00007ffb20f20000 - 0x00007ffb21189000 	C:\WINDOWS\WinSxS\amd64_microsoft.windows.common-controls_6595b64144ccf1df_6.0.16299.192_none_15c8cdae9364c23b\COMCTL32.dll
0x00007ffb33de0000 - 0x00007ffb340e8000 	C:\WINDOWS\System32\combase.dll
0x00007ffb30a40000 - 0x00007ffb30ab2000 	C:\WINDOWS\System32\bcryptPrimitives.dll
0x00007ffb31e20000 - 0x00007ffb31e4d000 	C:\WINDOWS\System32\IMM32.DLL
0x00000000638b0000 - 0x0000000063982000 	C:\Program Files\Android\Android Studio\jre\jre\bin\msvcr100.dll
0x0000000062450000 - 0x0000000062c8e000 	C:\Program Files\Android\Android Studio\jre\jre\bin\server\jvm.dll
0x00007ffb33cf0000 - 0x00007ffb33cf8000 	C:\WINDOWS\System32\PSAPI.DLL
0x00007ffb20a60000 - 0x00007ffb20a69000 	C:\WINDOWS\SYSTEM32\WSOCK32.dll
0x00007ffb33b30000 - 0x00007ffb33b9c000 	C:\WINDOWS\System32\WS2_32.dll
0x00007ffb2d450000 - 0x00007ffb2d473000 	C:\WINDOWS\SYSTEM32\WINMM.dll
0x00007ffb21190000 - 0x00007ffb2119a000 	C:\WINDOWS\SYSTEM32\VERSION.dll
0x00007ffb2d420000 - 0x00007ffb2d44a000 	C:\WINDOWS\SYSTEM32\WINMMBASE.dll
0x00007ffb30d90000 - 0x00007ffb30dda000 	C:\WINDOWS\System32\cfgmgr32.dll
0x00007ffb2aee0000 - 0x00007ffb2aeef000 	C:\Program Files\Android\Android Studio\jre\jre\bin\verify.dll
0x00007ffb1c490000 - 0x00007ffb1c4b9000 	C:\Program Files\Android\Android Studio\jre\jre\bin\java.dll
0x00007ffb279c0000 - 0x00007ffb279d6000 	C:\Program Files\Android\Android Studio\jre\jre\bin\zip.dll
0x00007ffb31f00000 - 0x00007ffb33336000 	C:\WINDOWS\System32\SHELL32.dll
0x00007ffb31940000 - 0x00007ffb319e6000 	C:\WINDOWS\System32\shcore.dll
0x00007ffb30de0000 - 0x00007ffb31527000 	C:\WINDOWS\System32\windows.storage.dll
0x00007ffb343e0000 - 0x00007ffb34431000 	C:\WINDOWS\System32\shlwapi.dll
0x00007ffb307c0000 - 0x00007ffb307d1000 	C:\WINDOWS\System32\kernel.appcore.dll
0x00007ffb30820000 - 0x00007ffb3086c000 	C:\WINDOWS\System32\powrprof.dll
0x00007ffb307e0000 - 0x00007ffb307fb000 	C:\WINDOWS\System32\profapi.dll
0x00007ffb12e10000 - 0x00007ffb12e2a000 	C:\Program Files\Android\Android Studio\jre\jre\bin\net.dll
0x00007ffb30050000 - 0x00007ffb300b6000 	C:\WINDOWS\system32\mswsock.dll
0x00007ffb09a80000 - 0x00007ffb09a91000 	C:\Program Files\Android\Android Studio\jre\jre\bin\nio.dll
0x00007ffb02730000 - 0x00007ffb0274e000 	C:\Users\Kevin\.gradle\native\25\windows-amd64\native-platform.dll
0x00007ffb2aed0000 - 0x00007ffb2aedd000 	C:\Program Files\Android\Android Studio\jre\jre\bin\management.dll
0x00007ffb30210000 - 0x00007ffb30227000 	C:\WINDOWS\SYSTEM32\CRYPTSP.dll
0x00007ffb2fc60000 - 0x00007ffb2fc93000 	C:\WINDOWS\system32\rsaenh.dll
0x00007ffb30320000 - 0x00007ffb30345000 	C:\WINDOWS\SYSTEM32\bcrypt.dll
0x00007ffb306c0000 - 0x00007ffb306e9000 	C:\WINDOWS\SYSTEM32\USERENV.dll
0x00007ffb30230000 - 0x00007ffb3023b000 	C:\WINDOWS\SYSTEM32\CRYPTBASE.dll
0x00007ffb2fde0000 - 0x00007ffb2fe19000 	C:\WINDOWS\SYSTEM32\IPHLPAPI.DLL
0x00007ffb31e10000 - 0x00007ffb31e18000 	C:\WINDOWS\System32\NSI.dll
0x00007ffb2a2c0000 - 0x00007ffb2a2d6000 	C:\WINDOWS\SYSTEM32\dhcpcsvc6.DLL
0x00007ffb2a2a0000 - 0x00007ffb2a2ba000 	C:\WINDOWS\SYSTEM32\dhcpcsvc.DLL

VM Arguments:
jvm_args: -Xmx1536m -Dfile.encoding=windows-1252 -Duser.country=US -Duser.language=en -Duser.variant 
java_command: org.gradle.launcher.daemon.bootstrap.GradleDaemon 4.1
java_class_path (initial): C:\Users\Kevin\.gradle\wrapper\dists\gradle-4.1-all\bzyivzo6n839fup2jbap0tjew\gradle-4.1\lib\gradle-launcher-4.1.jar
Launcher Type: SUN_STANDARD

Environment Variables:
PATH=C:\ProgramData\Oracle\Java\javapath;C:\Program Files (x86)\Intel\iCLS Client\;C:\Program Files\Intel\iCLS Client\;C:\WINDOWS\system32;C:\WINDOWS;C:\WINDOWS\System32\Wbem;C:\WINDOWS\System32\WindowsPowerShell\v1.0\;C:\Program Files\Intel\Intel(R) Management Engine Components\DAL;C:\Program Files (x86)\Intel\Intel(R) Management Engine Components\DAL;C:\Program Files\Intel\Intel(R) Management Engine Components\IPT;C:\Program Files (x86)\Intel\Intel(R) Management Engine Components\IPT;C:\Program Files\Lenovo\Fingerprint Manager Pro\;C:\ProgramData\Lenovo\ReadyApps;C:\Program Files (x86)\Windows Live\Shared;C:\Program Files (x86)\Skype\Phone\;C:\Program Files\Git\cmd;C:\Program Files\Intel\WiFi\bin\;C:\Program Files\Common Files\Intel\WirelessCommon\;C:\Program Files\dotnet\;C:\Program Files\Microsoft SQL Server\Client SDK\ODBC\130\Tools\Binn\;C:\Program Files (x86)\Microsoft SQL Server\140\Tools\Binn\;C:\Program Files\Microsoft SQL Server\140\Tools\Binn\;C:\Program Files\Microsoft SQL Server\140\DTS\Binn\;C:\Program Files (x86)\Microsoft SQL Server\Client SDK\ODBC\130\Tools\Binn\;C:\Program Files (x86)\Microsoft SQL Server\140\DTS\Binn\;C:\Program Files (x86)\Microsoft SQL Server\140\Tools\Binn\ManagementStudio\;C:\Program Files\Microsoft SQL Server\130\Tools\Binn\;C:\Users\Kevin\AppData\Local\Microsoft\WindowsApps;C:\Program Files\Intel\WiFi\bin\;C:\Program Files\Common Files\Intel\WirelessCommon\;C:\Program Files\Java\jdk1.8.0_71\bin;C:\LWJGL;
USERNAME=Kevin
OS=Windows_NT
PROCESSOR_IDENTIFIER=Intel64 Family 6 Model 61 Stepping 4, GenuineIntel



---------------  S Y S T E M  ---------------

OS: Windows 10.0 , 64 bit Build 16299 (10.0.16299.15)

CPU:total 4 (initial active 4) (2 cores per cpu, 2 threads per core) family 6 model 61 stepping 4, cmov, cx8, fxsr, mmx, sse, sse2, sse3, ssse3, sse4.1, sse4.2, popcnt, avx, avx2, aes, clmul, erms, 3dnowpref, lzcnt, ht, tsc, tscinvbit, bmi1, bmi2, adx

Memory: 4k page, physical 4070856k(205388k free), swap 8678404k(3716k free)

vm_info: OpenJDK 64-Bit Server VM (25.152-b01) for windows-amd64 JRE (1.8.0_152-release-915-b01), built by "builder" with MS VC++ 10.0 (VS2010)

time: Tue Feb 06 16:13:50 2018
elapsed time: 200 seconds (0d 0h 3m 20s)

