#
# There is insufficient memory for the Java Runtime Environment to continue.
# Native memory allocation (malloc) failed to allocate 1924496 bytes for Chunk::new
# Possible reasons:
#   The system is out of physical RAM or swap space
#   In 32 bit mode, the process size limit was hit
# Possible solutions:
#   Reduce memory load on the system
#   Increase physical memory or swap space
#   Check if swap backing store is full
#   Use 64 bit Java on a 64 bit OS
#   Decrease Java heap size (-Xmx/-Xms)
#   Decrease number of Java threads
#   Decrease Java thread stack sizes (-Xss)
#   Set larger code cache with -XX:ReservedCodeCacheSize=
# This output file may be truncated or incomplete.
#
#  Out of Memory Error (allocation.cpp:390), pid=4928, tid=0x00000000000028b0
#
# JRE version: OpenJDK Runtime Environment (8.0_152-b01) (build 1.8.0_152-release-915-b01)
# Java VM: OpenJDK 64-Bit Server VM (25.152-b01 mixed mode windows-amd64 compressed oops)
# Failed to write core dump. Minidumps are not enabled by default on client versions of Windows
#

---------------  T H R E A D  ---------------

Current thread (0x0000000017f7c000):  JavaThread "C2 CompilerThread0" daemon [_thread_in_native, id=10416, stack(0x00000000195d0000,0x00000000196d0000)]

Stack: [0x00000000195d0000,0x00000000196d0000]
[error occurred during error reporting (printing stack bounds), id 0xc0000005]

Native frames: (J=compiled Java code, j=interpreted, Vv=VM code, C=native code)


Current CompileTask:
C2:  31544 7830   !   4       java.io.ObjectOutputStream::writeObject0 (619 bytes)


---------------  P R O C E S S  ---------------

Java Threads: ( => current thread )
  0x000000001ce44800 JavaThread "Memory manager" [_thread_blocked, id=8520, stack(0x0000000022a60000,0x0000000022b60000)]
  0x000000001ce43800 JavaThread "pool-1-thread-1" [_thread_blocked, id=4272, stack(0x0000000022100000,0x0000000022200000)]
  0x000000001ce42000 JavaThread "build operations Thread 4" [_thread_blocked, id=12060, stack(0x0000000022000000,0x0000000022100000)]
  0x000000001ce41800 JavaThread "build operations Thread 3" [_thread_blocked, id=9840, stack(0x0000000021f00000,0x0000000022000000)]
  0x000000001ce3f000 JavaThread "build operations Thread 2" [_thread_in_Java, id=10372, stack(0x0000000021e00000,0x0000000021f00000)]
  0x000000001ce46000 JavaThread "build operations" [_thread_blocked, id=14556, stack(0x00000000218a0000,0x00000000219a0000)]
  0x000000001ce45000 JavaThread "Cache worker for Artifact transforms cache (C:\Users\Kevin\.gradle\caches\transforms-1)" [_thread_blocked, id=9512, stack(0x00000000215a0000,0x00000000216a0000)]
  0x0000000020520000 JavaThread "Cache worker for file hash cache (C:\Users\Kevin\AndroidStudioProjects\ColorPicker\.gradle\4.1\fileHashes)" [_thread_blocked, id=14588, stack(0x00000000200d0000,0x00000000201d0000)]
  0x000000001d332800 JavaThread "File lock request listener" [_thread_in_native, id=1476, stack(0x000000001ffd0000,0x00000000200d0000)]
  0x000000001d29f000 JavaThread "Cache worker for file hash cache (C:\Users\Kevin\.gradle\caches\4.1\fileHashes)" [_thread_blocked, id=8644, stack(0x000000001f920000,0x000000001fa20000)]
  0x000000001ad16800 JavaThread "Stdin handler" [_thread_blocked, id=13040, stack(0x000000001c620000,0x000000001c720000)]
  0x000000001ad15000 JavaThread "Asynchronous log dispatcher for DefaultDaemonConnection: socket connection from /127.0.0.1:58624 to /127.0.0.1:58625" [_thread_blocked, id=12404, stack(0x000000001c520000,0x000000001c620000)]
  0x00000000199a2800 JavaThread "Daemon worker" [_thread_in_vm, id=5688, stack(0x000000001c420000,0x000000001c520000)]
  0x000000001999f000 JavaThread "Cancel handler" [_thread_blocked, id=15704, stack(0x000000001c320000,0x000000001c420000)]
  0x0000000019ada000 JavaThread "Handler for socket connection from /127.0.0.1:58624 to /127.0.0.1:58625" [_thread_in_native, id=1968, stack(0x000000001c020000,0x000000001c120000)]
  0x0000000019ad7000 JavaThread "Daemon" [_thread_blocked, id=12812, stack(0x000000001bf20000,0x000000001c020000)]
  0x000000001a7ca000 JavaThread "Daemon periodic checks" [_thread_blocked, id=1168, stack(0x000000001be20000,0x000000001bf20000)]
  0x000000001ad1c000 JavaThread "Incoming local TCP Connector on port 58624" [_thread_in_native, id=844, stack(0x000000001bbe0000,0x000000001bce0000)]
  0x0000000017fdd000 JavaThread "Service Thread" daemon [_thread_blocked, id=16204, stack(0x0000000019cd0000,0x0000000019dd0000)]
  0x0000000017fcb800 JavaThread "C1 CompilerThread2" daemon [_thread_in_native, id=1724, stack(0x00000000197d0000,0x00000000198d0000)]
  0x0000000017f8d000 JavaThread "C2 CompilerThread1" daemon [_thread_in_native, id=7900, stack(0x00000000196d0000,0x00000000197d0000)]
=>0x0000000017f7c000 JavaThread "C2 CompilerThread0" daemon [_thread_in_native, id=10416, stack(0x00000000195d0000,0x00000000196d0000)]
  0x0000000017f7b000 JavaThread "Attach Listener" daemon [_thread_blocked, id=5088, stack(0x00000000194d0000,0x00000000195d0000)]
  0x0000000017f7a000 JavaThread "Signal Dispatcher" daemon [_thread_blocked, id=10944, stack(0x00000000193d0000,0x00000000194d0000)]
  0x0000000004607000 JavaThread "Finalizer" daemon [_thread_blocked, id=14460, stack(0x00000000191e0000,0x00000000192e0000)]
  0x0000000004601800 JavaThread "Reference Handler" daemon [_thread_blocked, id=13420, stack(0x00000000190e0000,0x00000000191e0000)]
  0x0000000002aae000 JavaThread "main" [_thread_blocked, id=7836, stack(0x00000000043a0000,0x00000000044a0000)]

Other Threads:
  0x0000000017f45000 VMThread [stack: 0x0000000018fe0000,0x00000000190e0000] [id=1928]
  0x0000000017fde000 WatcherThread [stack: 0x0000000019dd0000,0x0000000019ed0000] [id=10128]

VM state:not at safepoint (normal execution)

VM Mutex/Monitor currently owned by a thread:  ([mutex/lock_event])
[0x0000000002aa8b80] CodeCache_lock - owner thread: 0x0000000017fcb800

Heap:
 PSYoungGen      total 163840K, used 77608K [0x00000000e0000000, 0x00000000ee280000, 0x0000000100000000)
  eden space 145408K, 53% used [0x00000000e0000000,0x00000000e4bca320,0x00000000e8e00000)
  from space 18432K, 0% used [0x00000000e8e00000,0x00000000e8e00000,0x00000000ea000000)
  to   space 18432K, 0% used [0x00000000ed080000,0x00000000ed080000,0x00000000ee280000)
 ParOldGen       total 98304K, used 47584K [0x00000000a0000000, 0x00000000a6000000, 0x00000000e0000000)
  object space 98304K, 48% used [0x00000000a0000000,0x00000000a2e78340,0x00000000a6000000)
 Metaspace       used 60705K, capacity 62977K, committed 63252K, reserved 1103872K
  class space    used 8320K, capacity 8897K, committed 9020K, reserved 1048576K

Card table byte_map: [0x00000000139d0000,0x0000000013ce0000] byte_map_base: 0x00000000134d0000

Marking Bits: (ParMarkBitMap*) 0x000000006f763950
 Begin Bits: [0x00000000142e0000, 0x0000000015ae0000)
 End Bits:   [0x0000000015ae0000, 0x00000000172e0000)

Polling page: 0x0000000002a00000

CodeCache: size=245760Kb used=23680Kb max_used=23680Kb free=222079Kb
 bounds [0x0000000004610000, 0x0000000005d50000, 0x0000000013610000]
 total_blobs=7835 nmethods=7056 adapters=691
 compilation: enabled

Compilation events (10 events):
Event: 31.523 Thread 0x0000000017fcb800 nmethod 7858 0x0000000005d11b90 code [0x0000000005d11d00, 0x0000000005d11fc8]
Event: 31.523 Thread 0x0000000017fcb800 7859       3       org.gradle.internal.component.model.ComponentAttributeMatcher::match (258 bytes)
Event: 31.528 Thread 0x0000000017fcb800 nmethod 7859 0x0000000005d3a090 code [0x0000000005d3a740, 0x0000000005d3f798]
Event: 31.528 Thread 0x0000000017fcb800 7860       3       org.gradle.api.internal.artifacts.transform.ConsumerVariantMatchResult::applyTo (15 bytes)
Event: 31.528 Thread 0x0000000017fcb800 nmethod 7860 0x0000000005d11710 code [0x0000000005d11880, 0x0000000005d11aa8]
Event: 31.528 Thread 0x0000000017fcb800 7861       3       org.gradle.api.internal.artifacts.transform.VariantAttributeMatchingCache::collectConsumerVariants (66 bytes)
Event: 31.529 Thread 0x0000000017fcb800 nmethod 7861 0x0000000005d38fd0 code [0x0000000005d391e0, 0x0000000005d39b28]
Event: 31.529 Thread 0x0000000017fcb800 7862       3       org.gradle.api.internal.attributes.EmptySchema::compatibilityRules (5 bytes)
Event: 31.529 Thread 0x0000000017fcb800 nmethod 7862 0x0000000005d113d0 code [0x0000000005d11520, 0x0000000005d11670]
Event: 31.532 Thread 0x0000000017f8d000 nmethod 7857 0x0000000005d44610 code [0x0000000005d44780, 0x0000000005d45498]

GC Heap History (10 events):
Event: 22.802 GC heap before
{Heap before GC invocations=14 (full 2):
 PSYoungGen      total 97792K, used 88384K [0x00000000e0000000, 0x00000000e9380000, 0x0000000100000000)
  eden space 88576K, 99% used [0x00000000e0000000,0x00000000e5650240,0x00000000e5680000)
  from space 9216K, 0% used [0x00000000e5680000,0x00000000e5680000,0x00000000e5f80000)
  to   space 9216K, 0% used [0x00000000e8a80000,0x00000000e8a80000,0x00000000e9380000)
 ParOldGen       total 50176K, used 16639K [0x00000000a0000000, 0x00000000a3100000, 0x00000000e0000000)
  object space 50176K, 33% used [0x00000000a0000000,0x00000000a103fde0,0x00000000a3100000)
 Metaspace       used 41547K, capacity 42536K, committed 42712K, reserved 1085440K
  class space    used 5540K, capacity 5873K, committed 5888K, reserved 1048576K
Event: 22.819 GC heap after
Heap after GC invocations=14 (full 2):
 PSYoungGen      total 124416K, used 9214K [0x00000000e0000000, 0x00000000e9380000, 0x0000000100000000)
  eden space 115200K, 0% used [0x00000000e0000000,0x00000000e0000000,0x00000000e7080000)
  from space 9216K, 99% used [0x00000000e8a80000,0x00000000e937f9a0,0x00000000e9380000)
  to   space 10752K, 0% used [0x00000000e7e80000,0x00000000e7e80000,0x00000000e8900000)
 ParOldGen       total 50176K, used 17483K [0x00000000a0000000, 0x00000000a3100000, 0x00000000e0000000)
  object space 50176K, 34% used [0x00000000a0000000,0x00000000a1112f10,0x00000000a3100000)
 Metaspace       used 41547K, capacity 42536K, committed 42712K, reserved 1085440K
  class space    used 5540K, capacity 5873K, committed 5888K, reserved 1048576K
}
Event: 26.045 GC heap before
{Heap before GC invocations=15 (full 2):
 PSYoungGen      total 124416K, used 124414K [0x00000000e0000000, 0x00000000e9380000, 0x0000000100000000)
  eden space 115200K, 100% used [0x00000000e0000000,0x00000000e7080000,0x00000000e7080000)
  from space 9216K, 99% used [0x00000000e8a80000,0x00000000e937f9a0,0x00000000e9380000)
  to   space 10752K, 0% used [0x00000000e7e80000,0x00000000e7e80000,0x00000000e8900000)
 ParOldGen       total 50176K, used 17483K [0x00000000a0000000, 0x00000000a3100000, 0x00000000e0000000)
  object space 50176K, 34% used [0x00000000a0000000,0x00000000a1112f10,0x00000000a3100000)
 Metaspace       used 50596K, capacity 52246K, committed 52312K, reserved 1093632K
  class space    used 6793K, capacity 7245K, committed 7296K, reserved 1048576K
Event: 26.079 GC heap after
Heap after GC invocations=15 (full 2):
 PSYoungGen      total 140288K, used 10729K [0x00000000e0000000, 0x00000000eae00000, 0x0000000100000000)
  eden space 129536K, 0% used [0x00000000e0000000,0x00000000e0000000,0x00000000e7e80000)
  from space 10752K, 99% used [0x00000000e7e80000,0x00000000e88fa438,0x00000000e8900000)
  to   space 14336K, 0% used [0x00000000ea000000,0x00000000ea000000,0x00000000eae00000)
 ParOldGen       total 50176K, used 23189K [0x00000000a0000000, 0x00000000a3100000, 0x00000000e0000000)
  object space 50176K, 46% used [0x00000000a0000000,0x00000000a16a57e8,0x00000000a3100000)
 Metaspace       used 50596K, capacity 52246K, committed 52312K, reserved 1093632K
  class space    used 6793K, capacity 7245K, committed 7296K, reserved 1048576K
}
Event: 27.850 GC heap before
{Heap before GC invocations=16 (full 2):
 PSYoungGen      total 140288K, used 140265K [0x00000000e0000000, 0x00000000eae00000, 0x0000000100000000)
  eden space 129536K, 100% used [0x00000000e0000000,0x00000000e7e80000,0x00000000e7e80000)
  from space 10752K, 99% used [0x00000000e7e80000,0x00000000e88fa438,0x00000000e8900000)
  to   space 14336K, 0% used [0x00000000ea000000,0x00000000ea000000,0x00000000eae00000)
 ParOldGen       total 50176K, used 23189K [0x00000000a0000000, 0x00000000a3100000, 0x00000000e0000000)
  object space 50176K, 46% used [0x00000000a0000000,0x00000000a16a57e8,0x00000000a3100000)
 Metaspace       used 55440K, capacity 57562K, committed 57816K, reserved 1099776K
  class space    used 7589K, capacity 8137K, committed 8192K, reserved 1048576K
Event: 27.876 GC heap after
Heap after GC invocations=16 (full 2):
 PSYoungGen      total 159744K, used 14326K [0x00000000e0000000, 0x00000000ec980000, 0x0000000100000000)
  eden space 145408K, 0% used [0x00000000e0000000,0x00000000e0000000,0x00000000e8e00000)
  from space 14336K, 99% used [0x00000000ea000000,0x00000000eadfd940,0x00000000eae00000)
  to   space 18432K, 0% used [0x00000000e8e00000,0x00000000e8e00000,0x00000000ea000000)
 ParOldGen       total 50176K, used 29348K [0x00000000a0000000, 0x00000000a3100000, 0x00000000e0000000)
  object space 50176K, 58% used [0x00000000a0000000,0x00000000a1ca9340,0x00000000a3100000)
 Metaspace       used 55440K, capacity 57562K, committed 57816K, reserved 1099776K
  class space    used 7589K, capacity 8137K, committed 8192K, reserved 1048576K
}
Event: 29.523 GC heap before
{Heap before GC invocations=17 (full 2):
 PSYoungGen      total 159744K, used 106576K [0x00000000e0000000, 0x00000000ec980000, 0x0000000100000000)
  eden space 145408K, 63% used [0x00000000e0000000,0x00000000e5a16750,0x00000000e8e00000)
  from space 14336K, 99% used [0x00000000ea000000,0x00000000eadfd940,0x00000000eae00000)
  to   space 18432K, 0% used [0x00000000e8e00000,0x00000000e8e00000,0x00000000ea000000)
 ParOldGen       total 50176K, used 29348K [0x00000000a0000000, 0x00000000a3100000, 0x00000000e0000000)
  object space 50176K, 58% used [0x00000000a0000000,0x00000000a1ca9340,0x00000000a3100000)
 Metaspace       used 56879K, capacity 58934K, committed 59028K, reserved 1099776K
  class space    used 7794K, capacity 8345K, committed 8380K, reserved 1048576K
Event: 29.562 GC heap after
Heap after GC invocations=17 (full 2):
 PSYoungGen      total 163840K, used 10467K [0x00000000e0000000, 0x00000000ee280000, 0x0000000100000000)
  eden space 145408K, 0% used [0x00000000e0000000,0x00000000e0000000,0x00000000e8e00000)
  from space 18432K, 56% used [0x00000000e8e00000,0x00000000e9838d18,0x00000000ea000000)
  to   space 18432K, 0% used [0x00000000ed080000,0x00000000ed080000,0x00000000ee280000)
 ParOldGen       total 50176K, used 41609K [0x00000000a0000000, 0x00000000a3100000, 0x00000000e0000000)
  object space 50176K, 82% used [0x00000000a0000000,0x00000000a28a2500,0x00000000a3100000)
 Metaspace       used 56879K, capacity 58934K, committed 59028K, reserved 1099776K
  class space    used 7794K, capacity 8345K, committed 8380K, reserved 1048576K
}
Event: 29.562 GC heap before
{Heap before GC invocations=18 (full 3):
 PSYoungGen      total 163840K, used 10467K [0x00000000e0000000, 0x00000000ee280000, 0x0000000100000000)
  eden space 145408K, 0% used [0x00000000e0000000,0x00000000e0000000,0x00000000e8e00000)
  from space 18432K, 56% used [0x00000000e8e00000,0x00000000e9838d18,0x00000000ea000000)
  to   space 18432K, 0% used [0x00000000ed080000,0x00000000ed080000,0x00000000ee280000)
 ParOldGen       total 50176K, used 41609K [0x00000000a0000000, 0x00000000a3100000, 0x00000000e0000000)
  object space 50176K, 82% used [0x00000000a0000000,0x00000000a28a2500,0x00000000a3100000)
 Metaspace       used 56879K, capacity 58934K, committed 59028K, reserved 1099776K
  class space    used 7794K, capacity 8345K, committed 8380K, reserved 1048576K
Event: 30.015 GC heap after
Heap after GC invocations=18 (full 3):
 PSYoungGen      total 163840K, used 0K [0x00000000e0000000, 0x00000000ee280000, 0x0000000100000000)
  eden space 145408K, 0% used [0x00000000e0000000,0x00000000e0000000,0x00000000e8e00000)
  from space 18432K, 0% used [0x00000000e8e00000,0x00000000e8e00000,0x00000000ea000000)
  to   space 18432K, 0% used [0x00000000ed080000,0x00000000ed080000,0x00000000ee280000)
 ParOldGen       total 98304K, used 47584K [0x00000000a0000000, 0x00000000a6000000, 0x00000000e0000000)
  object space 98304K, 48% used [0x00000000a0000000,0x00000000a2e78340,0x00000000a6000000)
 Metaspace       used 56879K, capacity 58934K, committed 59028K, reserved 1099776K
  class space    used 7794K, capacity 8345K, committed 8380K, reserved 1048576K
}

Deoptimization events (10 events):
Event: 28.833 Thread 0x00000000199a2800 Uncommon trap: reason=class_check action=maybe_recompile pc=0x0000000005458e00 method=com.google.common.collect.AbstractMapBasedMultimap$WrappedCollection.refreshIfEmpty()V @ 59
Event: 28.833 Thread 0x00000000199a2800 Uncommon trap: reason=class_check action=maybe_recompile pc=0x00000000058f7adc method=com.google.common.collect.AbstractMapBasedMultimap$WrappedCollection.refreshIfEmpty()V @ 59
Event: 28.833 Thread 0x00000000199a2800 Uncommon trap: reason=class_check action=maybe_recompile pc=0x0000000005458e00 method=com.google.common.collect.AbstractMapBasedMultimap$WrappedCollection.refreshIfEmpty()V @ 59
Event: 29.016 Thread 0x000000001ce41800 Uncommon trap: reason=unstable_if action=reinterpret pc=0x0000000004d90258 method=java.lang.String.regionMatches(ZILjava/lang/String;II)Z @ 102
Event: 30.392 Thread 0x00000000199a2800 Uncommon trap: reason=class_check action=maybe_recompile pc=0x0000000004b9a810 method=kotlin.reflect.jvm.internal.impl.protobuf.CodedInputStream.tryRefillBuffer(I)Z @ 177
Event: 30.395 Thread 0x00000000199a2800 Uncommon trap: reason=class_check action=maybe_recompile pc=0x0000000004b9a810 method=kotlin.reflect.jvm.internal.impl.protobuf.CodedInputStream.tryRefillBuffer(I)Z @ 177
Event: 30.396 Thread 0x00000000199a2800 Uncommon trap: reason=class_check action=maybe_recompile pc=0x0000000004b9a810 method=kotlin.reflect.jvm.internal.impl.protobuf.CodedInputStream.tryRefillBuffer(I)Z @ 177
Event: 30.397 Thread 0x00000000199a2800 Uncommon trap: reason=unstable_if action=reinterpret pc=0x000000000507d014 method=kotlin.reflect.jvm.internal.impl.protobuf.CodedInputStream.readRawVarint32()I @ 69
Event: 30.397 Thread 0x00000000199a2800 Uncommon trap: reason=unstable_if action=reinterpret pc=0x0000000004dc9500 method=kotlin.reflect.jvm.internal.impl.protobuf.CodedInputStream.readRawVarint32()I @ 69
Event: 30.399 Thread 0x00000000199a2800 Uncommon trap: reason=class_check action=maybe_recompile pc=0x0000000004b9a810 method=kotlin.reflect.jvm.internal.impl.protobuf.CodedInputStream.tryRefillBuffer(I)Z @ 177

Classes redefined (0 events):
No events

Internal exceptions (10 events):
Event: 29.387 Thread 0x00000000199a2800 Exception <a 'java/lang/ClassNotFoundException': org/codehaus/groovy/runtime/HandleMetaClassBeanInfo> (0x00000000e4fbb2c8) thrown at [D:\src\AOSP-openjdk-cygwin\jdk8u\hotspot\src\share\vm\classfile\systemDictionary.cpp, line 210]
Event: 29.387 Thread 0x00000000199a2800 Exception <a 'java/lang/ClassNotFoundException': groovy/lang/DelegatingMetaClassBeanInfo> (0x00000000e4fca2a0) thrown at [D:\src\AOSP-openjdk-cygwin\jdk8u\hotspot\src\share\vm\classfile\systemDictionary.cpp, line 210]
Event: 29.387 Thread 0x00000000199a2800 Exception <a 'java/lang/ClassNotFoundException': groovy/lang/DelegatingMetaClassCustomizer> (0x00000000e4fd96b0) thrown at [D:\src\AOSP-openjdk-cygwin\jdk8u\hotspot\src\share\vm\classfile\systemDictionary.cpp, line 210]
Event: 29.388 Thread 0x00000000199a2800 Exception <a 'java/lang/ClassNotFoundException': org/codehaus/groovy/runtime/HandleMetaClassCustomizer> (0x00000000e500fef0) thrown at [D:\src\AOSP-openjdk-cygwin\jdk8u\hotspot\src\share\vm\classfile\systemDictionary.cpp, line 210]
Event: 29.391 Thread 0x00000000199a2800 Exception <a 'java/lang/ClassNotFoundException': org/codehaus/groovy/reflection/CachedMethodBeanInfo> (0x00000000e5056ce0) thrown at [D:\src\AOSP-openjdk-cygwin\jdk8u\hotspot\src\share\vm\classfile\systemDictionary.cpp, line 210]
Event: 29.392 Thread 0x00000000199a2800 Exception <a 'java/lang/ClassNotFoundException': groovy/lang/MetaMethodBeanInfo> (0x00000000e5063fb0) thrown at [D:\src\AOSP-openjdk-cygwin\jdk8u\hotspot\src\share\vm\classfile\systemDictionary.cpp, line 210]
Event: 29.392 Thread 0x00000000199a2800 Exception <a 'java/lang/ClassNotFoundException': org/codehaus/groovy/reflection/ParameterTypesBeanInfo> (0x00000000e5075cf8) thrown at [D:\src\AOSP-openjdk-cygwin\jdk8u\hotspot\src\share\vm\classfile\systemDictionary.cpp, line 210]
Event: 29.393 Thread 0x00000000199a2800 Exception <a 'java/lang/ClassNotFoundException': org/codehaus/groovy/reflection/ParameterTypesCustomizer> (0x00000000e5087df0) thrown at [D:\src\AOSP-openjdk-cygwin\jdk8u\hotspot\src\share\vm\classfile\systemDictionary.cpp, line 210]
Event: 29.393 Thread 0x00000000199a2800 Exception <a 'java/lang/ClassNotFoundException': groovy/lang/MetaMethodCustomizer> (0x00000000e509dd30) thrown at [D:\src\AOSP-openjdk-cygwin\jdk8u\hotspot\src\share\vm\classfile\systemDictionary.cpp, line 210]
Event: 29.394 Thread 0x00000000199a2800 Exception <a 'java/lang/ClassNotFoundException': org/codehaus/groovy/reflection/CachedMethodCustomizer> (0x00000000e50beeb0) thrown at [D:\src\AOSP-openjdk-cygwin\jdk8u\hotspot\src\share\vm\classfile\systemDictionary.cpp, line 210]

Events (10 events):
Event: 30.726 loading class org/jetbrains/kotlin/utils/StringsKt
Event: 30.726 loading class org/jetbrains/kotlin/utils/StringsKt done
Event: 30.728 loading class org/jetbrains/kotlin/utils/SmartList$EmptyIterator
Event: 30.728 loading class org/jetbrains/kotlin/utils/SmartList$EmptyIterator done
Event: 30.751 loading class org/jetbrains/kotlin/gradle/ArgsInfoImpl
Event: 30.751 loading class org/jetbrains/kotlin/gradle/ArgsInfoImpl done
Event: 30.751 loading class org/jetbrains/kotlin/gradle/ArgsInfo
Event: 30.751 loading class org/jetbrains/kotlin/gradle/ArgsInfo done
Event: 31.513 Executing VM operation: CollectForMetadataAllocation
Event: 31.514 Executing VM operation: CollectForMetadataAllocation done


Dynamic libraries:
0x00007ff67a1c0000 - 0x00007ff67a1f1000 	C:\Program Files\Android\Android Studio\jre\bin\java.exe
0x00007ff99a420000 - 0x00007ff99a600000 	C:\WINDOWS\SYSTEM32\ntdll.dll
0x00007ff96ad40000 - 0x00007ff96ad74000 	C:\Program Files\AVAST Software\Avast\x64\aswhooka.dll
0x00007ff99a190000 - 0x00007ff99a23e000 	C:\WINDOWS\System32\KERNEL32.DLL
0x00007ff996ba0000 - 0x00007ff996e06000 	C:\WINDOWS\System32\KERNELBASE.dll
0x00007ff998ea0000 - 0x00007ff998f41000 	C:\WINDOWS\System32\ADVAPI32.dll
0x00007ff999590000 - 0x00007ff99962d000 	C:\WINDOWS\System32\msvcrt.dll
0x00007ff999020000 - 0x00007ff99907b000 	C:\WINDOWS\System32\sechost.dll
0x00007ff9993a0000 - 0x00007ff9994bf000 	C:\WINDOWS\System32\RPCRT4.dll
0x00007ff999800000 - 0x00007ff99998f000 	C:\WINDOWS\System32\USER32.dll
0x00007ff997730000 - 0x00007ff997750000 	C:\WINDOWS\System32\win32u.dll
0x00007ff997920000 - 0x00007ff997948000 	C:\WINDOWS\System32\GDI32.dll
0x00007ff997750000 - 0x00007ff9978e3000 	C:\WINDOWS\System32\gdi32full.dll
0x00007ff996a20000 - 0x00007ff996abb000 	C:\WINDOWS\System32\msvcp_win.dll
0x00007ff996820000 - 0x00007ff996916000 	C:\WINDOWS\System32\ucrtbase.dll
0x00007ff988500000 - 0x00007ff988769000 	C:\WINDOWS\WinSxS\amd64_microsoft.windows.common-controls_6595b64144ccf1df_6.0.16299.192_none_15c8cdae9364c23b\COMCTL32.dll
0x00007ff999e60000 - 0x00007ff99a168000 	C:\WINDOWS\System32\combase.dll
0x00007ff996b20000 - 0x00007ff996b92000 	C:\WINDOWS\System32\bcryptPrimitives.dll
0x00007ff9978f0000 - 0x00007ff99791d000 	C:\WINDOWS\System32\IMM32.DLL
0x000000006eec0000 - 0x000000006ef92000 	C:\Program Files\Android\Android Studio\jre\jre\bin\msvcr100.dll
0x000000006efa0000 - 0x000000006f7de000 	C:\Program Files\Android\Android Studio\jre\jre\bin\server\jvm.dll
0x00007ff99a240000 - 0x00007ff99a248000 	C:\WINDOWS\System32\PSAPI.DLL
0x00007ff985c40000 - 0x00007ff985c49000 	C:\WINDOWS\SYSTEM32\WSOCK32.dll
0x00007ff999520000 - 0x00007ff99958c000 	C:\WINDOWS\System32\WS2_32.dll
0x00007ff994310000 - 0x00007ff994333000 	C:\WINDOWS\SYSTEM32\WINMM.dll
0x00007ff9888d0000 - 0x00007ff9888da000 	C:\WINDOWS\SYSTEM32\VERSION.dll
0x00007ff9942e0000 - 0x00007ff99430a000 	C:\WINDOWS\SYSTEM32\WINMMBASE.dll
0x00007ff9969d0000 - 0x00007ff996a1a000 	C:\WINDOWS\System32\cfgmgr32.dll
0x00007ff992530000 - 0x00007ff99253f000 	C:\Program Files\Android\Android Studio\jre\jre\bin\verify.dll
0x00007ff98c6d0000 - 0x00007ff98c6f9000 	C:\Program Files\Android\Android Studio\jre\jre\bin\java.dll
0x00007ff9924c0000 - 0x00007ff9924d6000 	C:\Program Files\Android\Android Studio\jre\jre\bin\zip.dll
0x00007ff997a60000 - 0x00007ff998e96000 	C:\WINDOWS\System32\SHELL32.dll
0x00007ff999690000 - 0x00007ff999736000 	C:\WINDOWS\System32\shcore.dll
0x00007ff996e10000 - 0x00007ff997557000 	C:\WINDOWS\System32\windows.storage.dll
0x00007ff999340000 - 0x00007ff999391000 	C:\WINDOWS\System32\shlwapi.dll
0x00007ff996790000 - 0x00007ff9967a1000 	C:\WINDOWS\System32\kernel.appcore.dll
0x00007ff9967b0000 - 0x00007ff9967fc000 	C:\WINDOWS\System32\powrprof.dll
0x00007ff996770000 - 0x00007ff99678b000 	C:\WINDOWS\System32\profapi.dll
0x00007ff988b80000 - 0x00007ff988b9a000 	C:\Program Files\Android\Android Studio\jre\jre\bin\net.dll
0x00007ff996000000 - 0x00007ff996066000 	C:\WINDOWS\system32\mswsock.dll
0x00007ff988120000 - 0x00007ff988131000 	C:\Program Files\Android\Android Studio\jre\jre\bin\nio.dll
0x00007ff992e50000 - 0x00007ff992e6e000 	C:\Users\Kevin\.gradle\native\25\windows-amd64\native-platform.dll
0x00007ff992520000 - 0x00007ff99252d000 	C:\Program Files\Android\Android Studio\jre\jre\bin\management.dll
0x00007ff9961c0000 - 0x00007ff9961d7000 	C:\WINDOWS\SYSTEM32\CRYPTSP.dll
0x00007ff995c10000 - 0x00007ff995c43000 	C:\WINDOWS\system32\rsaenh.dll
0x00007ff9962d0000 - 0x00007ff9962f5000 	C:\WINDOWS\SYSTEM32\bcrypt.dll
0x00007ff9966a0000 - 0x00007ff9966c9000 	C:\WINDOWS\SYSTEM32\USERENV.dll
0x00007ff9961e0000 - 0x00007ff9961eb000 	C:\WINDOWS\SYSTEM32\CRYPTBASE.dll
0x00007ff995d90000 - 0x00007ff995dc9000 	C:\WINDOWS\SYSTEM32\IPHLPAPI.DLL
0x00007ff9997f0000 - 0x00007ff9997f8000 	C:\WINDOWS\System32\NSI.dll
0x00007ff990410000 - 0x00007ff990426000 	C:\WINDOWS\SYSTEM32\dhcpcsvc6.DLL
0x00007ff9903f0000 - 0x00007ff99040a000 	C:\WINDOWS\SYSTEM32\dhcpcsvc.DLL

VM Arguments:
jvm_args: -Xmx1536m -Dfile.encoding=windows-1252 -Duser.country=US -Duser.language=en -Duser.variant 
java_command: org.gradle.launcher.daemon.bootstrap.GradleDaemon 4.1
java_class_path (initial): C:\Users\Kevin\.gradle\wrapper\dists\gradle-4.1-all\bzyivzo6n839fup2jbap0tjew\gradle-4.1\lib\gradle-launcher-4.1.jar
Launcher Type: SUN_STANDARD

Environment Variables:
PATH=C:\ProgramData\Oracle\Java\javapath;C:\Program Files (x86)\Intel\iCLS Client\;C:\Program Files\Intel\iCLS Client\;C:\WINDOWS\system32;C:\WINDOWS;C:\WINDOWS\System32\Wbem;C:\WINDOWS\System32\WindowsPowerShell\v1.0\;C:\Program Files\Intel\Intel(R) Management Engine Components\DAL;C:\Program Files (x86)\Intel\Intel(R) Management Engine Components\DAL;C:\Program Files\Intel\Intel(R) Management Engine Components\IPT;C:\Program Files (x86)\Intel\Intel(R) Management Engine Components\IPT;C:\Program Files\Lenovo\Fingerprint Manager Pro\;C:\ProgramData\Lenovo\ReadyApps;C:\Program Files (x86)\Windows Live\Shared;C:\Program Files (x86)\Skype\Phone\;C:\Program Files\Git\cmd;C:\Program Files\Intel\WiFi\bin\;C:\Program Files\Common Files\Intel\WirelessCommon\;C:\Program Files\dotnet\;C:\Program Files\Microsoft SQL Server\Client SDK\ODBC\130\Tools\Binn\;C:\Program Files (x86)\Microsoft SQL Server\140\Tools\Binn\;C:\Program Files\Microsoft SQL Server\140\Tools\Binn\;C:\Program Files\Microsoft SQL Server\140\DTS\Binn\;C:\Program Files (x86)\Microsoft SQL Server\Client SDK\ODBC\130\Tools\Binn\;C:\Program Files (x86)\Microsoft SQL Server\140\DTS\Binn\;C:\Program Files (x86)\Microsoft SQL Server\140\Tools\Binn\ManagementStudio\;C:\Program Files\Microsoft SQL Server\130\Tools\Binn\;C:\Users\Kevin\AppData\Local\Microsoft\WindowsApps;C:\Program Files\Intel\WiFi\bin\;C:\Program Files\Common Files\Intel\WirelessCommon\;C:\Program Files\Java\jdk1.8.0_71\bin;C:\LWJGL;
USERNAME=Kevin
OS=Windows_NT
PROCESSOR_IDENTIFIER=Intel64 Family 6 Model 61 Stepping 4, GenuineIntel



---------------  S Y S T E M  ---------------

OS: Windows 10.0 , 64 bit Build 16299 (10.0.16299.15)

CPU:total 4 (initial active 4) (2 cores per cpu, 2 threads per core) family 6 model 61 stepping 4, cmov, cx8, fxsr, mmx, sse, sse2, sse3, ssse3, sse4.1, sse4.2, popcnt, avx, avx2, aes, clmul, erms, 3dnowpref, lzcnt, ht, tsc, tscinvbit, bmi1, bmi2, adx

Memory: 4k page, physical 4070856k(297112k free), swap 6340084k(3392k free)

vm_info: OpenJDK 64-Bit Server VM (25.152-b01) for windows-amd64 JRE (1.8.0_152-release-915-b01), built by "builder" with MS VC++ 10.0 (VS2010)

time: Tue Feb 13 18:18:42 2018
elapsed time: 31 seconds (0d 0h 0m 31s)

