#
# There is insufficient memory for the Java Runtime Environment to continue.
# Native memory allocation (malloc) failed to allocate 32744 bytes for ChunkPool::allocate
# Possible reasons:
#   The system is out of physical RAM or swap space
#   In 32 bit mode, the process size limit was hit
# Possible solutions:
#   Reduce memory load on the system
#   Increase physical memory or swap space
#   Check if swap backing store is full
#   Use 64 bit Java on a 64 bit OS
#   Decrease Java heap size (-Xmx/-Xms)
#   Decrease number of Java threads
#   Decrease Java thread stack sizes (-Xss)
#   Set larger code cache with -XX:ReservedCodeCacheSize=
# This output file may be truncated or incomplete.
#
#  Out of Memory Error (allocation.cpp:273), pid=9856, tid=0x00000000000020c0
#
# JRE version: OpenJDK Runtime Environment (8.0_152-b01) (build 1.8.0_152-release-915-b01)
# Java VM: OpenJDK 64-Bit Server VM (25.152-b01 mixed mode windows-amd64 compressed oops)
# Failed to write core dump. Minidumps are not enabled by default on client versions of Windows
#

---------------  T H R E A D  ---------------

Current thread (0x00000000186dd000):  JavaThread "C2 CompilerThread0" daemon [_thread_in_native, id=8384, stack(0x0000000019d30000,0x0000000019e30000)]

Stack: [0x0000000019d30000,0x0000000019e30000]
[error occurred during error reporting (printing stack bounds), id 0xc0000005]

Native frames: (J=compiled Java code, j=interpreted, Vv=VM code, C=native code)


Current CompileTask:
C2:  58436 10977       4       com.sun.org.apache.xerces.internal.parsers.XML11Configuration::checkFeature (268 bytes)


---------------  P R O C E S S  ---------------

Java Threads: ( => current thread )
  0x000000001c60d800 JavaThread "Cache worker for Artifact transforms cache (C:\Users\Kevin\.gradle\caches\transforms-1)" [_thread_blocked, id=4564, stack(0x0000000028110000,0x0000000028210000)]
  0x000000001c612000 JavaThread "Cache worker for file hash cache (C:\Users\Kevin\AndroidStudioProjects\ColorPicker\.gradle\4.1\fileHashes)" [_thread_blocked, id=9616, stack(0x0000000028010000,0x0000000028110000)]
  0x000000001c60a800 JavaThread "Stdin handler" [_thread_blocked, id=3364, stack(0x0000000027f10000,0x0000000028010000)]
  0x000000001c611000 JavaThread "Asynchronous log dispatcher for DefaultDaemonConnection: socket connection from /127.0.0.1:56766 to /127.0.0.1:56798" [_thread_blocked, id=12648, stack(0x0000000027e10000,0x0000000027f10000)]
  0x000000001c60c000 JavaThread "Cancel handler" [_thread_blocked, id=4204, stack(0x0000000027d10000,0x0000000027e10000)]
  0x000000001c610800 JavaThread "Handler for socket connection from /127.0.0.1:56766 to /127.0.0.1:56798" [_thread_in_native, id=12036, stack(0x0000000027c10000,0x0000000027d10000)]
  0x000000001f85a800 JavaThread "Memory manager" [_thread_blocked, id=10808, stack(0x0000000023300000,0x0000000023400000)]
  0x000000001c08b800 JavaThread "pool-1-thread-1" [_thread_blocked, id=8808, stack(0x0000000023200000,0x0000000023300000)]
  0x000000001b9ed000 JavaThread "File lock request listener" [_thread_in_native, id=5700, stack(0x000000001df80000,0x000000001e080000)]
  0x000000001b9a3800 JavaThread "Cache worker for file hash cache (C:\Users\Kevin\.gradle\caches\4.1\fileHashes)" [_thread_blocked, id=11984, stack(0x000000001de80000,0x000000001df80000)]
  0x000000001ba4d800 JavaThread "Daemon worker" [_thread_in_Java, id=13456, stack(0x000000001db80000,0x000000001dc80000)]
  0x000000001bd6e800 JavaThread "Daemon" [_thread_blocked, id=13388, stack(0x000000001d680000,0x000000001d780000)]
  0x000000001b5ed800 JavaThread "Daemon periodic checks" [_thread_blocked, id=13024, stack(0x000000001d580000,0x000000001d680000)]
  0x000000001b2c9800 JavaThread "Incoming local TCP Connector on port 56766" [_thread_in_native, id=13836, stack(0x000000001be00000,0x000000001bf00000)]
  0x000000001a04c000 JavaThread "Service Thread" daemon [_thread_blocked, id=8404, stack(0x000000001a430000,0x000000001a530000)]
  0x00000000186e9000 JavaThread "C1 CompilerThread2" daemon [_thread_blocked, id=16800, stack(0x0000000019f30000,0x000000001a030000)]
  0x00000000186e2000 JavaThread "C2 CompilerThread1" daemon [_thread_in_native, id=14068, stack(0x0000000019e30000,0x0000000019f30000)]
=>0x00000000186dd000 JavaThread "C2 CompilerThread0" daemon [_thread_in_native, id=8384, stack(0x0000000019d30000,0x0000000019e30000)]
  0x00000000186db800 JavaThread "Attach Listener" daemon [_thread_blocked, id=11772, stack(0x0000000019c30000,0x0000000019d30000)]
  0x00000000186da800 JavaThread "Signal Dispatcher" daemon [_thread_blocked, id=2536, stack(0x0000000019b30000,0x0000000019c30000)]
  0x00000000186c8800 JavaThread "Finalizer" daemon [_thread_blocked, id=9572, stack(0x0000000019940000,0x0000000019a40000)]
  0x0000000004d63000 JavaThread "Reference Handler" daemon [_thread_blocked, id=16500, stack(0x0000000019840000,0x0000000019940000)]
  0x0000000004b6e000 JavaThread "main" [_thread_blocked, id=13204, stack(0x0000000004b70000,0x0000000004c70000)]

Other Threads:
  0x00000000186a5800 VMThread [stack: 0x0000000019740000,0x0000000019840000] [id=1164]
  0x000000001a051000 WatcherThread [stack: 0x000000001a530000,0x000000001a630000] [id=10156]

VM state:not at safepoint (normal execution)

VM Mutex/Monitor currently owned by a thread: None

Heap:
 PSYoungGen      total 200192K, used 184858K [0x00000000e0000000, 0x00000000ef780000, 0x0000000100000000)
  eden space 183296K, 92% used [0x00000000e0000000,0x00000000ea58bbf8,0x00000000eb300000)
  from space 16896K, 90% used [0x00000000eb300000,0x00000000ec1fad88,0x00000000ec380000)
  to   space 18944K, 0% used [0x00000000ee500000,0x00000000ee500000,0x00000000ef780000)
 ParOldGen       total 86016K, used 49204K [0x00000000a0000000, 0x00000000a5400000, 0x00000000e0000000)
  object space 86016K, 57% used [0x00000000a0000000,0x00000000a300d320,0x00000000a5400000)
 Metaspace       used 72047K, capacity 75462K, committed 75608K, reserved 1114112K
  class space    used 9510K, capacity 10316K, committed 10368K, reserved 1048576K

Card table byte_map: [0x0000000014130000,0x0000000014440000] byte_map_base: 0x0000000013c30000

Marking Bits: (ParMarkBitMap*) 0x0000000063003950
 Begin Bits: [0x0000000014a40000, 0x0000000016240000)
 End Bits:   [0x0000000016240000, 0x0000000017a40000)

Polling page: 0x0000000004aa0000

CodeCache: size=245760Kb used=30525Kb max_used=30525Kb free=215234Kb
 bounds [0x0000000004d70000, 0x0000000006b80000, 0x0000000013d70000]
 total_blobs=10027 nmethods=9206 adapters=732
 compilation: enabled

Compilation events (10 events):
Event: 58.380 Thread 0x00000000186e9000 10972       3       sun.nio.cs.StreamDecoder::<init> (64 bytes)
Event: 58.381 Thread 0x00000000186e9000 nmethod 10972 0x0000000005132d10 code [0x0000000005132ec0, 0x0000000005133698]
Event: 58.381 Thread 0x00000000186e9000 10973       3       com.sun.org.apache.xerces.internal.impl.XMLDTDScannerImpl::scanDecls (453 bytes)
Event: 58.384 Thread 0x00000000186e9000 nmethod 10973 0x0000000006b752d0 code [0x0000000006b75720, 0x0000000006b775d8]
Event: 58.390 Thread 0x00000000186e9000 10974       3       com.sun.org.apache.xerces.internal.dom.NamedNodeMapImpl::setReadOnly (57 bytes)
Event: 58.390 Thread 0x00000000186e9000 nmethod 10974 0x0000000005075850 code [0x0000000005075a00, 0x0000000005076108]
Event: 58.405 Thread 0x00000000186e2000 10975       4       org.apache.ivy.core.IvyPatternHelper::substituteVariables (213 bytes)
Event: 58.409 Thread 0x00000000186e9000 10976       3       org.gradle.api.internal.artifacts.ivyservice.resolveengine.graph.DependencyGraphBuilder$NodeState::<init> (59 bytes)
Event: 58.410 Thread 0x00000000186e9000 nmethod 10976 0x0000000005122650 code [0x0000000005122880, 0x0000000005123308]
Event: 58.416 Thread 0x00000000186dd000 10977       4       com.sun.org.apache.xerces.internal.parsers.XML11Configuration::checkFeature (268 bytes)

GC Heap History (10 events):
Event: 25.752 GC heap before
{Heap before GC invocations=16 (full 2):
 PSYoungGen      total 119808K, used 119798K [0x00000000e0000000, 0x00000000ea300000, 0x0000000100000000)
  eden space 109056K, 100% used [0x00000000e0000000,0x00000000e6a80000,0x00000000e6a80000)
  from space 10752K, 99% used [0x00000000e6a80000,0x00000000e74fda50,0x00000000e7500000)
  to   space 13312K, 0% used [0x00000000e9600000,0x00000000e9600000,0x00000000ea300000)
 ParOldGen       total 56832K, used 22038K [0x00000000a0000000, 0x00000000a3780000, 0x00000000e0000000)
  object space 56832K, 38% used [0x00000000a0000000,0x00000000a1585af8,0x00000000a3780000)
 Metaspace       used 55079K, capacity 56780K, committed 56920K, reserved 1097728K
  class space    used 7322K, capacity 7808K, committed 7808K, reserved 1048576K
Event: 25.770 GC heap after
Heap after GC invocations=16 (full 2):
 PSYoungGen      total 152576K, used 9741K [0x00000000e0000000, 0x00000000ea900000, 0x0000000100000000)
  eden space 139264K, 0% used [0x00000000e0000000,0x00000000e0000000,0x00000000e8800000)
  from space 13312K, 73% used [0x00000000e9600000,0x00000000e9f83540,0x00000000ea300000)
  to   space 14336K, 0% used [0x00000000e8800000,0x00000000e8800000,0x00000000e9600000)
 ParOldGen       total 56832K, used 28850K [0x00000000a0000000, 0x00000000a3780000, 0x00000000e0000000)
  object space 56832K, 50% used [0x00000000a0000000,0x00000000a1c2c9d0,0x00000000a3780000)
 Metaspace       used 55079K, capacity 56780K, committed 56920K, reserved 1097728K
  class space    used 7322K, capacity 7808K, committed 7808K, reserved 1048576K
}
Event: 26.441 GC heap before
{Heap before GC invocations=17 (full 2):
 PSYoungGen      total 152576K, used 54151K [0x00000000e0000000, 0x00000000ea900000, 0x0000000100000000)
  eden space 139264K, 31% used [0x00000000e0000000,0x00000000e2b5e7d0,0x00000000e8800000)
  from space 13312K, 73% used [0x00000000e9600000,0x00000000e9f83540,0x00000000ea300000)
  to   space 14336K, 0% used [0x00000000e8800000,0x00000000e8800000,0x00000000e9600000)
 ParOldGen       total 56832K, used 28850K [0x00000000a0000000, 0x00000000a3780000, 0x00000000e0000000)
  object space 56832K, 50% used [0x00000000a0000000,0x00000000a1c2c9d0,0x00000000a3780000)
 Metaspace       used 57197K, capacity 58942K, committed 59028K, reserved 1099776K
  class space    used 7658K, capacity 8127K, committed 8192K, reserved 1048576K
Event: 26.454 GC heap after
Heap after GC invocations=17 (full 2):
 PSYoungGen      total 153600K, used 4326K [0x00000000e0000000, 0x00000000ed400000, 0x0000000100000000)
  eden space 139264K, 0% used [0x00000000e0000000,0x00000000e0000000,0x00000000e8800000)
  from space 14336K, 30% used [0x00000000e8800000,0x00000000e8c39938,0x00000000e9600000)
  to   space 13824K, 0% used [0x00000000ec680000,0x00000000ec680000,0x00000000ed400000)
 ParOldGen       total 56832K, used 33465K [0x00000000a0000000, 0x00000000a3780000, 0x00000000e0000000)
  object space 56832K, 58% used [0x00000000a0000000,0x00000000a20ae6a8,0x00000000a3780000)
 Metaspace       used 57197K, capacity 58942K, committed 59028K, reserved 1099776K
  class space    used 7658K, capacity 8127K, committed 8192K, reserved 1048576K
}
Event: 26.454 GC heap before
{Heap before GC invocations=18 (full 3):
 PSYoungGen      total 153600K, used 4326K [0x00000000e0000000, 0x00000000ed400000, 0x0000000100000000)
  eden space 139264K, 0% used [0x00000000e0000000,0x00000000e0000000,0x00000000e8800000)
  from space 14336K, 30% used [0x00000000e8800000,0x00000000e8c39938,0x00000000e9600000)
  to   space 13824K, 0% used [0x00000000ec680000,0x00000000ec680000,0x00000000ed400000)
 ParOldGen       total 56832K, used 33465K [0x00000000a0000000, 0x00000000a3780000, 0x00000000e0000000)
  object space 56832K, 58% used [0x00000000a0000000,0x00000000a20ae6a8,0x00000000a3780000)
 Metaspace       used 57197K, capacity 58942K, committed 59028K, reserved 1099776K
  class space    used 7658K, capacity 8127K, committed 8192K, reserved 1048576K
Event: 26.742 GC heap after
Heap after GC invocations=18 (full 3):
 PSYoungGen      total 153600K, used 0K [0x00000000e0000000, 0x00000000ed400000, 0x0000000100000000)
  eden space 139264K, 0% used [0x00000000e0000000,0x00000000e0000000,0x00000000e8800000)
  from space 14336K, 0% used [0x00000000e8800000,0x00000000e8800000,0x00000000e9600000)
  to   space 13824K, 0% used [0x00000000ec680000,0x00000000ec680000,0x00000000ed400000)
 ParOldGen       total 86016K, used 32242K [0x00000000a0000000, 0x00000000a5400000, 0x00000000e0000000)
  object space 86016K, 37% used [0x00000000a0000000,0x00000000a1f7caf0,0x00000000a5400000)
 Metaspace       used 57197K, capacity 58942K, committed 59028K, reserved 1099776K
  class space    used 7658K, capacity 8127K, committed 8192K, reserved 1048576K
}
Event: 28.143 GC heap before
{Heap before GC invocations=19 (full 3):
 PSYoungGen      total 153600K, used 139264K [0x00000000e0000000, 0x00000000ed400000, 0x0000000100000000)
  eden space 139264K, 100% used [0x00000000e0000000,0x00000000e8800000,0x00000000e8800000)
  from space 14336K, 0% used [0x00000000e8800000,0x00000000e8800000,0x00000000e9600000)
  to   space 13824K, 0% used [0x00000000ec680000,0x00000000ec680000,0x00000000ed400000)
 ParOldGen       total 86016K, used 32242K [0x00000000a0000000, 0x00000000a5400000, 0x00000000e0000000)
  object space 86016K, 37% used [0x00000000a0000000,0x00000000a1f7caf0,0x00000000a5400000)
 Metaspace       used 59216K, capacity 61306K, committed 61528K, reserved 1101824K
  class space    used 8010K, capacity 8546K, committed 8576K, reserved 1048576K
Event: 28.201 GC heap after
Heap after GC invocations=19 (full 3):
 PSYoungGen      total 192512K, used 13824K [0x00000000e0000000, 0x00000000ed400000, 0x0000000100000000)
  eden space 178688K, 0% used [0x00000000e0000000,0x00000000e0000000,0x00000000eae80000)
  from space 13824K, 100% used [0x00000000ec680000,0x00000000ed400000,0x00000000ed400000)
  to   space 16896K, 0% used [0x00000000eb300000,0x00000000eb300000,0x00000000ec380000)
 ParOldGen       total 86016K, used 35440K [0x00000000a0000000, 0x00000000a5400000, 0x00000000e0000000)
  object space 86016K, 41% used [0x00000000a0000000,0x00000000a229c2b8,0x00000000a5400000)
 Metaspace       used 59216K, capacity 61306K, committed 61528K, reserved 1101824K
  class space    used 8010K, capacity 8546K, committed 8576K, reserved 1048576K
}
Event: 43.603 GC heap before
{Heap before GC invocations=20 (full 3):
 PSYoungGen      total 192512K, used 192512K [0x00000000e0000000, 0x00000000ed400000, 0x0000000100000000)
  eden space 178688K, 100% used [0x00000000e0000000,0x00000000eae80000,0x00000000eae80000)
  from space 13824K, 100% used [0x00000000ec680000,0x00000000ed400000,0x00000000ed400000)
  to   space 16896K, 0% used [0x00000000eb300000,0x00000000eb300000,0x00000000ec380000)
 ParOldGen       total 86016K, used 35440K [0x00000000a0000000, 0x00000000a5400000, 0x00000000e0000000)
  object space 86016K, 41% used [0x00000000a0000000,0x00000000a229c2b8,0x00000000a5400000)
 Metaspace       used 68604K, capacity 71642K, committed 71768K, reserved 1112064K
  class space    used 9086K, capacity 9812K, committed 9856K, reserved 1048576K
Event: 44.068 GC heap after
Heap after GC invocations=20 (full 3):
 PSYoungGen      total 200192K, used 15339K [0x00000000e0000000, 0x00000000ef780000, 0x0000000100000000)
  eden space 183296K, 0% used [0x00000000e0000000,0x00000000e0000000,0x00000000eb300000)
  from space 16896K, 90% used [0x00000000eb300000,0x00000000ec1fad88,0x00000000ec380000)
  to   space 18944K, 0% used [0x00000000ee500000,0x00000000ee500000,0x00000000ef780000)
 ParOldGen       total 86016K, used 49204K [0x00000000a0000000, 0x00000000a5400000, 0x00000000e0000000)
  object space 86016K, 57% used [0x00000000a0000000,0x00000000a300d320,0x00000000a5400000)
 Metaspace       used 68604K, capacity 71642K, committed 71768K, reserved 1112064K
  class space    used 9086K, capacity 9812K, committed 9856K, reserved 1048576K
}

Deoptimization events (10 events):
Event: 53.052 Thread 0x000000001c60a800 Uncommon trap: reason=bimorphic action=maybe_recompile pc=0x0000000005253940 method=java.io.BufferedInputStream.read1([BII)I @ 39
Event: 53.067 Thread 0x000000001c612000 Uncommon trap: reason=unstable_if action=reinterpret pc=0x00000000053956f8 method=java.util.concurrent.ConcurrentHashMap.addCount(JI)V @ 7
Event: 53.127 Thread 0x000000001c60e000 Uncommon trap: reason=unstable_if action=reinterpret pc=0x00000000065353b0 method=com.esotericsoftware.kryo.io.Output.writeInt(IZ)I @ 17
Event: 53.133 Thread 0x000000001c60e000 Uncommon trap: reason=unstable_if action=reinterpret pc=0x000000000579752c method=java.io.BufferedOutputStream.write([BII)V @ 6
Event: 53.390 Thread 0x000000001c60a800 Uncommon trap: reason=predicate action=maybe_recompile pc=0x0000000005a72658 method=java.util.TimSort.binarySort([Ljava/lang/Object;IIILjava/util/Comparator;)V @ 37
Event: 53.992 Thread 0x000000001ba4d800 Uncommon trap: reason=class_check action=maybe_recompile pc=0x00000000051608d0 method=org.gradle.internal.logging.text.AbstractLineChoppingStyledTextOutput$StateContext.flushLineText()V @ 110
Event: 53.993 Thread 0x000000001ba4d800 Uncommon trap: reason=class_check action=maybe_recompile pc=0x00000000051608d0 method=org.gradle.internal.logging.text.AbstractLineChoppingStyledTextOutput$StateContext.flushLineText()V @ 110
Event: 54.005 Thread 0x000000001c60e000 Uncommon trap: reason=class_check action=maybe_recompile pc=0x00000000064bd364 method=java.util.concurrent.locks.ReentrantLock.lock()V @ 4
Event: 54.041 Thread 0x000000001ba4d800 Uncommon trap: reason=unstable_if action=reinterpret pc=0x0000000005ac3e20 method=com.google.common.collect.RegularImmutableMap.fromEntryArray(I[Ljava/util/Map$Entry;)Lcom/google/common/collect/RegularImmutableMap; @ 21
Event: 54.070 Thread 0x000000001c08f800 Uncommon trap: reason=class_check action=maybe_recompile pc=0x00000000064bd364 method=java.util.concurrent.locks.ReentrantLock.lock()V @ 4

Classes redefined (0 events):
No events

Internal exceptions (10 events):
Event: 52.866 Thread 0x000000001c60a800 Exception <a 'java/lang/NoSuchMethodError': java.lang.Object.lambda$comparingInt$7b0bb60$1(Ljava/util/function/ToIntFunction;Ljava/lang/Object;Ljava/lang/Object;)I> (0x00000000e7547630) thrown at [D:\src\AOSP-openjdk-cygwin\jdk8u\hotspot\src\share\vm\inte
Event: 54.023 Thread 0x000000001ba4d800 Exception <a 'sun/nio/fs/WindowsException'> (0x00000000e405d1c8) thrown at [D:\src\AOSP-openjdk-cygwin\jdk8u\hotspot\src\share\vm\prims\jni.cpp, line 709]
Event: 57.951 Thread 0x000000001ba4d800 Exception <a 'java/lang/NoSuchMethodError': <clinit>> (0x00000000e9802708) thrown at [D:\src\AOSP-openjdk-cygwin\jdk8u\hotspot\src\share\vm\prims\jni.cpp, line 1613]
Event: 57.972 Thread 0x000000001ba4d800 Exception <a 'java/lang/NoSuchMethodError': <clinit>> (0x00000000e984aee0) thrown at [D:\src\AOSP-openjdk-cygwin\jdk8u\hotspot\src\share\vm\prims\jni.cpp, line 1613]
Event: 57.974 Thread 0x000000001ba4d800 Exception <a 'java/lang/NoSuchMethodError': <clinit>> (0x00000000e9857b58) thrown at [D:\src\AOSP-openjdk-cygwin\jdk8u\hotspot\src\share\vm\prims\jni.cpp, line 1613]
Event: 57.990 Thread 0x000000001ba4d800 Exception <a 'java/lang/NoSuchMethodError': <clinit>> (0x00000000e98c2878) thrown at [D:\src\AOSP-openjdk-cygwin\jdk8u\hotspot\src\share\vm\prims\jni.cpp, line 1613]
Event: 58.001 Thread 0x000000001ba4d800 Exception <a 'java/lang/NoSuchMethodError': <clinit>> (0x00000000e98c64d0) thrown at [D:\src\AOSP-openjdk-cygwin\jdk8u\hotspot\src\share\vm\prims\jni.cpp, line 1613]
Event: 58.001 Thread 0x000000001ba4d800 Exception <a 'java/lang/NoSuchMethodError': <clinit>> (0x00000000e98c7fd8) thrown at [D:\src\AOSP-openjdk-cygwin\jdk8u\hotspot\src\share\vm\prims\jni.cpp, line 1613]
Event: 58.130 Thread 0x000000001ba4d800 Exception <a 'java/lang/ClassNotFoundException': sync_local_repo67_40vy9ztx9i299gv5jnp012xtcBeanInfo> (0x00000000e9a747d0) thrown at [D:\src\AOSP-openjdk-cygwin\jdk8u\hotspot\src\share\vm\classfile\systemDictionary.cpp, line 210]
Event: 58.130 Thread 0x000000001ba4d800 Exception <a 'java/lang/ClassNotFoundException': sync_local_repo67_40vy9ztx9i299gv5jnp012xtcCustomizer> (0x00000000e9a7edd8) thrown at [D:\src\AOSP-openjdk-cygwin\jdk8u\hotspot\src\share\vm\classfile\systemDictionary.cpp, line 210]

Events (10 events):
Event: 58.224 loading class groovy/runtime/metaclass/sync_local_repo67_40vy9ztx9i299gv5jnp012xtc$_run_closure1$_closure2$_closure4$_closure5MetaClass done
Event: 58.228 loading class groovy/runtime/metaclass/sync_local_repo67_40vy9ztx9i299gv5jnp012xtc$_run_closure1$_closure3MetaClass
Event: 58.228 loading class groovy/runtime/metaclass/sync_local_repo67_40vy9ztx9i299gv5jnp012xtc$_run_closure1$_closure3MetaClass done
Event: 58.230 loading class groovy/runtime/metaclass/sync_local_repo67_40vy9ztx9i299gv5jnp012xtc$_run_closure1$_closure3$_closure6MetaClass
Event: 58.232 loading class groovy/runtime/metaclass/sync_local_repo67_40vy9ztx9i299gv5jnp012xtc$_run_closure1$_closure3$_closure6MetaClass done
Event: 58.266 Thread 0x000000001c60d800 Thread added: 0x000000001c60d800
Event: 58.381 Thread 0x000000001ba4d800 DEOPT PACKING pc=0x0000000005b95dd9 sp=0x000000001dc796d0
Event: 58.381 Thread 0x000000001ba4d800 DEOPT UNPACKING pc=0x0000000004db75bf sp=0x000000001dc79478 mode 0
Event: 58.390 Thread 0x000000001ba4d800 DEOPT PACKING pc=0x0000000005a8aac8 sp=0x000000001dc79df0
Event: 58.390 Thread 0x000000001ba4d800 DEOPT UNPACKING pc=0x0000000004db75bf sp=0x000000001dc79b30 mode 0


Dynamic libraries:
0x00007ff6742c0000 - 0x00007ff6742f1000 	C:\Program Files\Android\Android Studio\jre\bin\java.exe
0x00007ffb34470000 - 0x00007ffb34650000 	C:\WINDOWS\SYSTEM32\ntdll.dll
0x00007ffaf9e50000 - 0x00007ffaf9e84000 	C:\Program Files\AVAST Software\Avast\x64\aswhooka.dll
0x00007ffb31e50000 - 0x00007ffb31efe000 	C:\WINDOWS\System32\KERNEL32.DLL
0x00007ffb315d0000 - 0x00007ffb31836000 	C:\WINDOWS\System32\KERNELBASE.dll
0x00007ffb34190000 - 0x00007ffb34231000 	C:\WINDOWS\System32\ADVAPI32.dll
0x00007ffb31d70000 - 0x00007ffb31e0d000 	C:\WINDOWS\System32\msvcrt.dll
0x00007ffb31a70000 - 0x00007ffb31acb000 	C:\WINDOWS\System32\sechost.dll
0x00007ffb335c0000 - 0x00007ffb336df000 	C:\WINDOWS\System32\RPCRT4.dll
0x00007ffb31ad0000 - 0x00007ffb31c5f000 	C:\WINDOWS\System32\USER32.dll
0x00007ffb30ac0000 - 0x00007ffb30ae0000 	C:\WINDOWS\System32\win32u.dll
0x00007ffb33590000 - 0x00007ffb335b8000 	C:\WINDOWS\System32\GDI32.dll
0x00007ffb30b40000 - 0x00007ffb30cd3000 	C:\WINDOWS\System32\gdi32full.dll
0x00007ffb31530000 - 0x00007ffb315cb000 	C:\WINDOWS\System32\msvcp_win.dll
0x00007ffb31840000 - 0x00007ffb31936000 	C:\WINDOWS\System32\ucrtbase.dll
0x00007ffb20f20000 - 0x00007ffb21189000 	C:\WINDOWS\WinSxS\amd64_microsoft.windows.common-controls_6595b64144ccf1df_6.0.16299.192_none_15c8cdae9364c23b\COMCTL32.dll
0x00007ffb33de0000 - 0x00007ffb340e8000 	C:\WINDOWS\System32\combase.dll
0x00007ffb30a40000 - 0x00007ffb30ab2000 	C:\WINDOWS\System32\bcryptPrimitives.dll
0x00007ffb31e20000 - 0x00007ffb31e4d000 	C:\WINDOWS\System32\IMM32.DLL
0x0000000063820000 - 0x00000000638f2000 	C:\Program Files\Android\Android Studio\jre\jre\bin\msvcr100.dll
0x0000000062840000 - 0x000000006307e000 	C:\Program Files\Android\Android Studio\jre\jre\bin\server\jvm.dll
0x00007ffb33cf0000 - 0x00007ffb33cf8000 	C:\WINDOWS\System32\PSAPI.DLL
0x00007ffb20a60000 - 0x00007ffb20a69000 	C:\WINDOWS\SYSTEM32\WSOCK32.dll
0x00007ffb33b30000 - 0x00007ffb33b9c000 	C:\WINDOWS\System32\WS2_32.dll
0x00007ffb2d450000 - 0x00007ffb2d473000 	C:\WINDOWS\SYSTEM32\WINMM.dll
0x00007ffb21190000 - 0x00007ffb2119a000 	C:\WINDOWS\SYSTEM32\VERSION.dll
0x00007ffb2d420000 - 0x00007ffb2d44a000 	C:\WINDOWS\SYSTEM32\WINMMBASE.dll
0x00007ffb30d90000 - 0x00007ffb30dda000 	C:\WINDOWS\System32\cfgmgr32.dll
0x00007ffb253f0000 - 0x00007ffb253ff000 	C:\Program Files\Android\Android Studio\jre\jre\bin\verify.dll
0x00007ffb1c490000 - 0x00007ffb1c4b9000 	C:\Program Files\Android\Android Studio\jre\jre\bin\java.dll
0x00007ffb22d30000 - 0x00007ffb22d46000 	C:\Program Files\Android\Android Studio\jre\jre\bin\zip.dll
0x00007ffb31f00000 - 0x00007ffb33336000 	C:\WINDOWS\System32\SHELL32.dll
0x00007ffb31940000 - 0x00007ffb319e6000 	C:\WINDOWS\System32\shcore.dll
0x00007ffb30de0000 - 0x00007ffb31527000 	C:\WINDOWS\System32\windows.storage.dll
0x00007ffb343e0000 - 0x00007ffb34431000 	C:\WINDOWS\System32\shlwapi.dll
0x00007ffb307c0000 - 0x00007ffb307d1000 	C:\WINDOWS\System32\kernel.appcore.dll
0x00007ffb30820000 - 0x00007ffb3086c000 	C:\WINDOWS\System32\powrprof.dll
0x00007ffb307e0000 - 0x00007ffb307fb000 	C:\WINDOWS\System32\profapi.dll
0x00007ffb22a70000 - 0x00007ffb22a8a000 	C:\Program Files\Android\Android Studio\jre\jre\bin\net.dll
0x00007ffb30050000 - 0x00007ffb300b6000 	C:\WINDOWS\system32\mswsock.dll
0x00007ffb22920000 - 0x00007ffb22931000 	C:\Program Files\Android\Android Studio\jre\jre\bin\nio.dll
0x00007ffb22340000 - 0x00007ffb2235e000 	C:\Users\Kevin\.gradle\native\25\windows-amd64\native-platform.dll
0x00007ffb2b440000 - 0x00007ffb2b44d000 	C:\Program Files\Android\Android Studio\jre\jre\bin\management.dll
0x00007ffb30210000 - 0x00007ffb30227000 	C:\WINDOWS\SYSTEM32\CRYPTSP.dll
0x00007ffb2fc60000 - 0x00007ffb2fc93000 	C:\WINDOWS\system32\rsaenh.dll
0x00007ffb30320000 - 0x00007ffb30345000 	C:\WINDOWS\SYSTEM32\bcrypt.dll
0x00007ffb306c0000 - 0x00007ffb306e9000 	C:\WINDOWS\SYSTEM32\USERENV.dll
0x00007ffb30230000 - 0x00007ffb3023b000 	C:\WINDOWS\SYSTEM32\CRYPTBASE.dll
0x00007ffb2fde0000 - 0x00007ffb2fe19000 	C:\WINDOWS\SYSTEM32\IPHLPAPI.DLL
0x00007ffb31e10000 - 0x00007ffb31e18000 	C:\WINDOWS\System32\NSI.dll
0x00007ffb2a2c0000 - 0x00007ffb2a2d6000 	C:\WINDOWS\SYSTEM32\dhcpcsvc6.DLL
0x00007ffb2a2a0000 - 0x00007ffb2a2ba000 	C:\WINDOWS\SYSTEM32\dhcpcsvc.DLL

VM Arguments:
jvm_args: -Xmx1536m -Dfile.encoding=windows-1252 -Duser.country=US -Duser.language=en -Duser.variant 
java_command: org.gradle.launcher.daemon.bootstrap.GradleDaemon 4.1
java_class_path (initial): C:\Users\Kevin\.gradle\wrapper\dists\gradle-4.1-all\bzyivzo6n839fup2jbap0tjew\gradle-4.1\lib\gradle-launcher-4.1.jar
Launcher Type: SUN_STANDARD

Environment Variables:
PATH=C:\ProgramData\Oracle\Java\javapath;C:\Program Files (x86)\Intel\iCLS Client\;C:\Program Files\Intel\iCLS Client\;C:\WINDOWS\system32;C:\WINDOWS;C:\WINDOWS\System32\Wbem;C:\WINDOWS\System32\WindowsPowerShell\v1.0\;C:\Program Files\Intel\Intel(R) Management Engine Components\DAL;C:\Program Files (x86)\Intel\Intel(R) Management Engine Components\DAL;C:\Program Files\Intel\Intel(R) Management Engine Components\IPT;C:\Program Files (x86)\Intel\Intel(R) Management Engine Components\IPT;C:\Program Files\Lenovo\Fingerprint Manager Pro\;C:\ProgramData\Lenovo\ReadyApps;C:\Program Files (x86)\Windows Live\Shared;C:\Program Files (x86)\Skype\Phone\;C:\Program Files\Git\cmd;C:\Program Files\Intel\WiFi\bin\;C:\Program Files\Common Files\Intel\WirelessCommon\;C:\Program Files\dotnet\;C:\Program Files\Microsoft SQL Server\Client SDK\ODBC\130\Tools\Binn\;C:\Program Files (x86)\Microsoft SQL Server\140\Tools\Binn\;C:\Program Files\Microsoft SQL Server\140\Tools\Binn\;C:\Program Files\Microsoft SQL Server\140\DTS\Binn\;C:\Program Files (x86)\Microsoft SQL Server\Client SDK\ODBC\130\Tools\Binn\;C:\Program Files (x86)\Microsoft SQL Server\140\DTS\Binn\;C:\Program Files (x86)\Microsoft SQL Server\140\Tools\Binn\ManagementStudio\;C:\Program Files\Microsoft SQL Server\130\Tools\Binn\;C:\Users\Kevin\AppData\Local\Microsoft\WindowsApps;C:\Program Files\Intel\WiFi\bin\;C:\Program Files\Common Files\Intel\WirelessCommon\;C:\Program Files\Java\jdk1.8.0_71\bin;C:\LWJGL;
USERNAME=Kevin
OS=Windows_NT
PROCESSOR_IDENTIFIER=Intel64 Family 6 Model 61 Stepping 4, GenuineIntel



---------------  S Y S T E M  ---------------

OS: Windows 10.0 , 64 bit Build 16299 (10.0.16299.15)

CPU:total 4 (initial active 4) (2 cores per cpu, 2 threads per core) family 6 model 61 stepping 4, cmov, cx8, fxsr, mmx, sse, sse2, sse3, ssse3, sse4.1, sse4.2, popcnt, avx, avx2, aes, clmul, erms, 3dnowpref, lzcnt, ht, tsc, tscinvbit, bmi1, bmi2, adx

Memory: 4k page, physical 4070856k(652724k free), swap 8695192k(2092k free)

vm_info: OpenJDK 64-Bit Server VM (25.152-b01) for windows-amd64 JRE (1.8.0_152-release-915-b01), built by "builder" with MS VC++ 10.0 (VS2010)

time: Tue Feb 06 15:48:35 2018
elapsed time: 58 seconds (0d 0h 0m 58s)

